{"/Users/zienmacmini/Projects/minimax-sdk/typescript/src/audio.ts": {"path":"/Users/zienmacmini/Projects/minimax-sdk/typescript/src/audio.ts","all":false,"statementMap":{"7":{"start":{"line":8,"column":0},"end":{"line":8,"column":45}},"11":{"start":{"line":12,"column":0},"end":{"line":12,"column":53}},"12":{"start":{"line":13,"column":0},"end":{"line":13,"column":33}},"13":{"start":{"line":14,"column":0},"end":{"line":14,"column":1}},"25":{"start":{"line":26,"column":0},"end":{"line":26,"column":28}},"32":{"start":{"line":33,"column":0},"end":{"line":33,"column":40}},"33":{"start":{"line":34,"column":0},"end":{"line":34,"column":26}},"34":{"start":{"line":35,"column":0},"end":{"line":35,"column":39}},"35":{"start":{"line":36,"column":0},"end":{"line":36,"column":43}},"36":{"start":{"line":37,"column":0},"end":{"line":37,"column":39}},"37":{"start":{"line":38,"column":0},"end":{"line":38,"column":46}},"38":{"start":{"line":39,"column":0},"end":{"line":39,"column":3}},"40":{"start":{"line":41,"column":0},"end":{"line":41,"column":43}},"41":{"start":{"line":42,"column":0},"end":{"line":42,"column":37}},"42":{"start":{"line":43,"column":0},"end":{"line":43,"column":3}},"44":{"start":{"line":45,"column":0},"end":{"line":45,"column":22}},"45":{"start":{"line":46,"column":0},"end":{"line":46,"column":40}},"46":{"start":{"line":47,"column":0},"end":{"line":47,"column":3}},"47":{"start":{"line":48,"column":0},"end":{"line":48,"column":1}},"51":{"start":{"line":52,"column":0},"end":{"line":52,"column":35}},"52":{"start":{"line":53,"column":0},"end":{"line":53,"column":32}},"53":{"start":{"line":54,"column":0},"end":{"line":54,"column":18}},"54":{"start":{"line":55,"column":0},"end":{"line":55,"column":60}},"55":{"start":{"line":56,"column":0},"end":{"line":56,"column":39}},"56":{"start":{"line":57,"column":0},"end":{"line":57,"column":22}},"57":{"start":{"line":58,"column":0},"end":{"line":58,"column":35}},"59":{"start":{"line":60,"column":0},"end":{"line":60,"column":16}},"60":{"start":{"line":61,"column":0},"end":{"line":61,"column":29}},"61":{"start":{"line":62,"column":0},"end":{"line":62,"column":33}},"62":{"start":{"line":63,"column":0},"end":{"line":63,"column":29}},"63":{"start":{"line":64,"column":0},"end":{"line":64,"column":7}},"64":{"start":{"line":65,"column":0},"end":{"line":65,"column":44}},"66":{"start":{"line":67,"column":0},"end":{"line":67,"column":28}},"67":{"start":{"line":68,"column":0},"end":{"line":68,"column":21}},"68":{"start":{"line":69,"column":0},"end":{"line":69,"column":21}},"69":{"start":{"line":70,"column":0},"end":{"line":70,"column":72}},"70":{"start":{"line":71,"column":0},"end":{"line":71,"column":6}},"71":{"start":{"line":72,"column":0},"end":{"line":72,"column":23}},"72":{"start":{"line":73,"column":0},"end":{"line":73,"column":36}},"73":{"start":{"line":74,"column":0},"end":{"line":74,"column":33}},"74":{"start":{"line":75,"column":0},"end":{"line":75,"column":27}},"75":{"start":{"line":76,"column":0},"end":{"line":76,"column":10}},"76":{"start":{"line":77,"column":0},"end":{"line":77,"column":6}},"77":{"start":{"line":78,"column":0},"end":{"line":78,"column":19}},"78":{"start":{"line":79,"column":0},"end":{"line":79,"column":74}},"79":{"start":{"line":80,"column":0},"end":{"line":80,"column":6}},"80":{"start":{"line":81,"column":0},"end":{"line":81,"column":79}},"81":{"start":{"line":82,"column":0},"end":{"line":82,"column":5}},"82":{"start":{"line":83,"column":0},"end":{"line":83,"column":1}}},"s":{"7":1,"11":1,"12":29,"13":29,"25":1,"32":1,"33":41,"34":41,"35":41,"36":41,"37":41,"38":41,"40":1,"41":1,"42":1,"44":1,"45":2,"46":2,"47":1,"51":1,"52":22,"53":22,"54":22,"55":22,"56":18,"57":14,"59":22,"60":22,"61":11,"62":10,"63":1,"64":22,"66":22,"67":22,"68":22,"69":22,"70":22,"71":22,"72":22,"73":18,"74":17,"75":16,"76":22,"77":22,"78":22,"79":22,"80":22,"81":22,"82":22},"branchMap":{"0":{"type":"branch","line":12,"loc":{"start":{"line":12,"column":7},"end":{"line":14,"column":1}},"locations":[{"start":{"line":12,"column":7},"end":{"line":14,"column":1}}]},"1":{"type":"branch","line":33,"loc":{"start":{"line":33,"column":2},"end":{"line":39,"column":3}},"locations":[{"start":{"line":33,"column":2},"end":{"line":39,"column":3}}]},"2":{"type":"branch","line":35,"loc":{"start":{"line":35,"column":25},"end":{"line":35,"column":39}},"locations":[{"start":{"line":35,"column":25},"end":{"line":35,"column":39}}]},"3":{"type":"branch","line":36,"loc":{"start":{"line":36,"column":27},"end":{"line":36,"column":43}},"locations":[{"start":{"line":36,"column":27},"end":{"line":36,"column":43}}]},"4":{"type":"branch","line":37,"loc":{"start":{"line":37,"column":23},"end":{"line":37,"column":39}},"locations":[{"start":{"line":37,"column":23},"end":{"line":37,"column":39}}]},"5":{"type":"branch","line":38,"loc":{"start":{"line":38,"column":21},"end":{"line":38,"column":46}},"locations":[{"start":{"line":38,"column":21},"end":{"line":38,"column":46}}]},"6":{"type":"branch","line":41,"loc":{"start":{"line":41,"column":2},"end":{"line":43,"column":3}},"locations":[{"start":{"line":41,"column":2},"end":{"line":43,"column":3}}]},"7":{"type":"branch","line":45,"loc":{"start":{"line":45,"column":2},"end":{"line":47,"column":3}},"locations":[{"start":{"line":45,"column":2},"end":{"line":47,"column":3}}]},"8":{"type":"branch","line":52,"loc":{"start":{"line":52,"column":7},"end":{"line":83,"column":1}},"locations":[{"start":{"line":52,"column":7},"end":{"line":83,"column":1}}]},"9":{"type":"branch","line":55,"loc":{"start":{"line":55,"column":21},"end":{"line":55,"column":60}},"locations":[{"start":{"line":55,"column":21},"end":{"line":55,"column":60}}]},"10":{"type":"branch","line":56,"loc":{"start":{"line":56,"column":26},"end":{"line":57,"column":22}},"locations":[{"start":{"line":56,"column":26},"end":{"line":57,"column":22}}]},"11":{"type":"branch","line":57,"loc":{"start":{"line":57,"column":9},"end":{"line":58,"column":35}},"locations":[{"start":{"line":57,"column":9},"end":{"line":58,"column":35}}]},"12":{"type":"branch","line":61,"loc":{"start":{"line":61,"column":10},"end":{"line":62,"column":33}},"locations":[{"start":{"line":61,"column":10},"end":{"line":62,"column":33}}]},"13":{"type":"branch","line":62,"loc":{"start":{"line":62,"column":10},"end":{"line":63,"column":29}},"locations":[{"start":{"line":62,"column":10},"end":{"line":63,"column":29}}]},"14":{"type":"branch","line":63,"loc":{"start":{"line":63,"column":10},"end":{"line":64,"column":7}},"locations":[{"start":{"line":63,"column":10},"end":{"line":64,"column":7}}]},"15":{"type":"branch","line":70,"loc":{"start":{"line":70,"column":16},"end":{"line":70,"column":53}},"locations":[{"start":{"line":70,"column":16},"end":{"line":70,"column":53}}]},"16":{"type":"branch","line":70,"loc":{"start":{"line":70,"column":37},"end":{"line":70,"column":70}},"locations":[{"start":{"line":70,"column":37},"end":{"line":70,"column":70}}]},"17":{"type":"branch","line":70,"loc":{"start":{"line":70,"column":58},"end":{"line":70,"column":72}},"locations":[{"start":{"line":70,"column":58},"end":{"line":70,"column":72}}]},"18":{"type":"branch","line":73,"loc":{"start":{"line":73,"column":16},"end":{"line":74,"column":33}},"locations":[{"start":{"line":73,"column":16},"end":{"line":74,"column":33}}]},"19":{"type":"branch","line":74,"loc":{"start":{"line":74,"column":13},"end":{"line":75,"column":27}},"locations":[{"start":{"line":74,"column":13},"end":{"line":75,"column":27}}]},"20":{"type":"branch","line":75,"loc":{"start":{"line":75,"column":13},"end":{"line":76,"column":10}},"locations":[{"start":{"line":75,"column":13},"end":{"line":76,"column":10}}]},"21":{"type":"branch","line":79,"loc":{"start":{"line":79,"column":16},"end":{"line":79,"column":53}},"locations":[{"start":{"line":79,"column":16},"end":{"line":79,"column":53}}]},"22":{"type":"branch","line":79,"loc":{"start":{"line":79,"column":37},"end":{"line":79,"column":68}},"locations":[{"start":{"line":79,"column":37},"end":{"line":79,"column":68}}]},"23":{"type":"branch","line":79,"loc":{"start":{"line":79,"column":58},"end":{"line":79,"column":74}},"locations":[{"start":{"line":79,"column":58},"end":{"line":79,"column":74}}]},"24":{"type":"branch","line":81,"loc":{"start":{"line":81,"column":27},"end":{"line":81,"column":60}},"locations":[{"start":{"line":81,"column":27},"end":{"line":81,"column":60}}]},"25":{"type":"branch","line":81,"loc":{"start":{"line":81,"column":46},"end":{"line":81,"column":77}},"locations":[{"start":{"line":81,"column":46},"end":{"line":81,"column":77}}]}},"b":{"0":[29],"1":[41],"2":[8],"3":[8],"4":[8],"5":[7],"6":[1],"7":[2],"8":[22],"9":[11],"10":[18],"11":[14],"12":[11],"13":[10],"14":[1],"15":[17],"16":[16],"17":[15],"18":[18],"19":[17],"20":[16],"21":[19],"22":[18],"23":[18],"24":[19],"25":[18]},"fnMap":{"0":{"name":"decodeHexAudio","decl":{"start":{"line":12,"column":7},"end":{"line":14,"column":1}},"loc":{"start":{"line":12,"column":7},"end":{"line":14,"column":1}},"line":12},"1":{"name":"AudioResponse","decl":{"start":{"line":33,"column":2},"end":{"line":39,"column":3}},"loc":{"start":{"line":33,"column":2},"end":{"line":39,"column":3}},"line":33},"2":{"name":"save","decl":{"start":{"line":41,"column":2},"end":{"line":43,"column":3}},"loc":{"start":{"line":41,"column":2},"end":{"line":43,"column":3}},"line":41},"3":{"name":"toBase64","decl":{"start":{"line":45,"column":2},"end":{"line":47,"column":3}},"loc":{"start":{"line":45,"column":2},"end":{"line":47,"column":3}},"line":45},"4":{"name":"buildAudioResponse","decl":{"start":{"line":52,"column":7},"end":{"line":83,"column":1}},"loc":{"start":{"line":52,"column":7},"end":{"line":83,"column":1}},"line":52}},"f":{"0":29,"1":41,"2":1,"3":2,"4":22}}
,"/Users/zienmacmini/Projects/minimax-sdk/typescript/src/client.ts": {"path":"/Users/zienmacmini/Projects/minimax-sdk/typescript/src/client.ts","all":false,"statementMap":{"10":{"start":{"line":11,"column":0},"end":{"line":11,"column":60}},"11":{"start":{"line":12,"column":0},"end":{"line":12,"column":43}},"12":{"start":{"line":13,"column":0},"end":{"line":13,"column":47}},"13":{"start":{"line":14,"column":0},"end":{"line":14,"column":45}},"14":{"start":{"line":15,"column":0},"end":{"line":15,"column":45}},"15":{"start":{"line":16,"column":0},"end":{"line":16,"column":45}},"16":{"start":{"line":17,"column":0},"end":{"line":17,"column":45}},"17":{"start":{"line":18,"column":0},"end":{"line":18,"column":45}},"21":{"start":{"line":22,"column":0},"end":{"line":22,"column":50}},"22":{"start":{"line":23,"column":0},"end":{"line":23,"column":53}},"23":{"start":{"line":24,"column":0},"end":{"line":24,"column":30}},"24":{"start":{"line":25,"column":0},"end":{"line":25,"column":43}},"25":{"start":{"line":26,"column":0},"end":{"line":26,"column":44}},"39":{"start":{"line":40,"column":0},"end":{"line":40,"column":22}},"54":{"start":{"line":55,"column":0},"end":{"line":55,"column":44}},"55":{"start":{"line":56,"column":0},"end":{"line":56,"column":18}},"56":{"start":{"line":57,"column":0},"end":{"line":57,"column":58}},"57":{"start":{"line":58,"column":0},"end":{"line":58,"column":18}},"58":{"start":{"line":59,"column":0},"end":{"line":59,"column":22}},"59":{"start":{"line":60,"column":0},"end":{"line":60,"column":76}},"61":{"start":{"line":62,"column":0},"end":{"line":62,"column":8}},"62":{"start":{"line":63,"column":0},"end":{"line":63,"column":5}},"64":{"start":{"line":65,"column":0},"end":{"line":65,"column":19}},"65":{"start":{"line":66,"column":0},"end":{"line":66,"column":24}},"66":{"start":{"line":67,"column":0},"end":{"line":67,"column":37}},"67":{"start":{"line":68,"column":0},"end":{"line":68,"column":23}},"69":{"start":{"line":70,"column":0},"end":{"line":70,"column":70}},"70":{"start":{"line":71,"column":0},"end":{"line":71,"column":67}},"72":{"start":{"line":73,"column":0},"end":{"line":73,"column":39}},"73":{"start":{"line":74,"column":0},"end":{"line":74,"column":13}},"74":{"start":{"line":75,"column":0},"end":{"line":75,"column":14}},"75":{"start":{"line":76,"column":0},"end":{"line":76,"column":50}},"76":{"start":{"line":77,"column":0},"end":{"line":77,"column":60}},"77":{"start":{"line":78,"column":0},"end":{"line":78,"column":27}},"78":{"start":{"line":79,"column":0},"end":{"line":79,"column":7}},"81":{"start":{"line":82,"column":0},"end":{"line":82,"column":31}},"82":{"start":{"line":83,"column":0},"end":{"line":83,"column":35}},"83":{"start":{"line":84,"column":0},"end":{"line":84,"column":33}},"84":{"start":{"line":85,"column":0},"end":{"line":85,"column":33}},"85":{"start":{"line":86,"column":0},"end":{"line":86,"column":33}},"86":{"start":{"line":87,"column":0},"end":{"line":87,"column":33}},"87":{"start":{"line":88,"column":0},"end":{"line":88,"column":33}},"88":{"start":{"line":89,"column":0},"end":{"line":89,"column":3}},"93":{"start":{"line":94,"column":0},"end":{"line":94,"column":10}},"94":{"start":{"line":95,"column":0},"end":{"line":95,"column":19}},"95":{"start":{"line":96,"column":0},"end":{"line":96,"column":17}},"96":{"start":{"line":97,"column":0},"end":{"line":97,"column":26}},"97":{"start":{"line":98,"column":0},"end":{"line":98,"column":39}},"98":{"start":{"line":99,"column":0},"end":{"line":99,"column":56}},"99":{"start":{"line":100,"column":0},"end":{"line":100,"column":3}},"102":{"start":{"line":103,"column":0},"end":{"line":103,"column":19}},"103":{"start":{"line":104,"column":0},"end":{"line":104,"column":19}},"104":{"start":{"line":105,"column":0},"end":{"line":105,"column":17}},"105":{"start":{"line":106,"column":0},"end":{"line":106,"column":26}},"106":{"start":{"line":107,"column":0},"end":{"line":107,"column":39}},"107":{"start":{"line":108,"column":0},"end":{"line":108,"column":65}},"108":{"start":{"line":109,"column":0},"end":{"line":109,"column":3}},"111":{"start":{"line":112,"column":0},"end":{"line":112,"column":16}},"112":{"start":{"line":113,"column":0},"end":{"line":113,"column":19}},"113":{"start":{"line":114,"column":0},"end":{"line":114,"column":17}},"114":{"start":{"line":115,"column":0},"end":{"line":115,"column":26}},"115":{"start":{"line":116,"column":0},"end":{"line":116,"column":38}},"116":{"start":{"line":117,"column":0},"end":{"line":117,"column":62}},"117":{"start":{"line":118,"column":0},"end":{"line":118,"column":3}},"120":{"start":{"line":121,"column":0},"end":{"line":121,"column":25}},"121":{"start":{"line":122,"column":0},"end":{"line":122,"column":19}},"122":{"start":{"line":123,"column":0},"end":{"line":123,"column":17}},"123":{"start":{"line":124,"column":0},"end":{"line":124,"column":26}},"124":{"start":{"line":125,"column":0},"end":{"line":125,"column":38}},"125":{"start":{"line":126,"column":0},"end":{"line":126,"column":71}},"126":{"start":{"line":127,"column":0},"end":{"line":127,"column":3}},"129":{"start":{"line":130,"column":0},"end":{"line":130,"column":15}},"130":{"start":{"line":131,"column":0},"end":{"line":131,"column":19}},"131":{"start":{"line":132,"column":0},"end":{"line":132,"column":17}},"132":{"start":{"line":133,"column":0},"end":{"line":133,"column":26}},"133":{"start":{"line":134,"column":0},"end":{"line":134,"column":27}},"134":{"start":{"line":135,"column":0},"end":{"line":135,"column":61}},"135":{"start":{"line":136,"column":0},"end":{"line":136,"column":3}},"138":{"start":{"line":139,"column":0},"end":{"line":139,"column":9}},"139":{"start":{"line":140,"column":0},"end":{"line":140,"column":17}},"140":{"start":{"line":141,"column":0},"end":{"line":141,"column":24}},"141":{"start":{"line":142,"column":0},"end":{"line":142,"column":21}},"142":{"start":{"line":143,"column":0},"end":{"line":143,"column":20}},"143":{"start":{"line":144,"column":0},"end":{"line":144,"column":39}},"144":{"start":{"line":145,"column":0},"end":{"line":145,"column":66}},"145":{"start":{"line":146,"column":0},"end":{"line":146,"column":3}},"146":{"start":{"line":147,"column":0},"end":{"line":147,"column":1}},"148":{"start":{"line":149,"column":0},"end":{"line":149,"column":23}}},"s":{"10":1,"11":1,"12":1,"13":1,"14":1,"15":1,"16":1,"17":1,"21":1,"22":1,"23":1,"24":1,"25":1,"39":1,"54":1,"55":27,"56":27,"57":27,"58":2,"59":2,"61":2,"62":2,"64":25,"65":25,"66":24,"67":23,"69":27,"70":27,"72":27,"73":27,"74":27,"75":27,"76":27,"77":27,"78":27,"81":27,"82":27,"83":27,"84":27,"85":27,"86":27,"87":27,"88":27,"93":1,"94":1,"95":1,"96":1,"97":1,"98":1,"99":1,"102":1,"103":1,"104":1,"105":1,"106":1,"107":1,"108":1,"111":1,"112":1,"113":1,"114":1,"115":1,"116":1,"117":1,"120":1,"121":1,"122":1,"123":1,"124":1,"125":1,"126":1,"129":1,"130":1,"131":1,"132":1,"133":1,"134":1,"135":1,"138":1,"139":1,"140":1,"141":1,"142":1,"143":1,"144":1,"145":1,"146":1,"148":1},"branchMap":{"0":{"type":"branch","line":55,"loc":{"start":{"line":55,"column":2},"end":{"line":89,"column":3}},"locations":[{"start":{"line":55,"column":2},"end":{"line":89,"column":3}}]},"1":{"type":"branch","line":57,"loc":{"start":{"line":57,"column":14},"end":{"line":57,"column":55}},"locations":[{"start":{"line":57,"column":14},"end":{"line":57,"column":55}}]},"2":{"type":"branch","line":57,"loc":{"start":{"line":57,"column":36},"end":{"line":57,"column":58}},"locations":[{"start":{"line":57,"column":36},"end":{"line":57,"column":58}}]},"3":{"type":"branch","line":58,"loc":{"start":{"line":58,"column":17},"end":{"line":63,"column":5}},"locations":[{"start":{"line":58,"column":17},"end":{"line":63,"column":5}}]},"4":{"type":"branch","line":63,"loc":{"start":{"line":63,"column":4},"end":{"line":66,"column":24}},"locations":[{"start":{"line":63,"column":4},"end":{"line":66,"column":24}}]},"5":{"type":"branch","line":66,"loc":{"start":{"line":66,"column":14},"end":{"line":67,"column":37}},"locations":[{"start":{"line":66,"column":14},"end":{"line":67,"column":37}}]},"6":{"type":"branch","line":67,"loc":{"start":{"line":67,"column":18},"end":{"line":68,"column":23}},"locations":[{"start":{"line":67,"column":18},"end":{"line":68,"column":23}}]},"7":{"type":"branch","line":70,"loc":{"start":{"line":70,"column":32},"end":{"line":70,"column":70}},"locations":[{"start":{"line":70,"column":32},"end":{"line":70,"column":70}}]},"8":{"type":"branch","line":71,"loc":{"start":{"line":71,"column":31},"end":{"line":71,"column":67}},"locations":[{"start":{"line":71,"column":31},"end":{"line":71,"column":67}}]},"9":{"type":"branch","line":76,"loc":{"start":{"line":76,"column":23},"end":{"line":76,"column":50}},"locations":[{"start":{"line":76,"column":23},"end":{"line":76,"column":50}}]},"10":{"type":"branch","line":77,"loc":{"start":{"line":77,"column":26},"end":{"line":77,"column":60}},"locations":[{"start":{"line":77,"column":26},"end":{"line":77,"column":60}}]},"11":{"type":"branch","line":94,"loc":{"start":{"line":94,"column":2},"end":{"line":100,"column":3}},"locations":[{"start":{"line":94,"column":2},"end":{"line":100,"column":3}}]},"12":{"type":"branch","line":103,"loc":{"start":{"line":103,"column":2},"end":{"line":109,"column":3}},"locations":[{"start":{"line":103,"column":2},"end":{"line":109,"column":3}}]},"13":{"type":"branch","line":112,"loc":{"start":{"line":112,"column":2},"end":{"line":118,"column":3}},"locations":[{"start":{"line":112,"column":2},"end":{"line":118,"column":3}}]},"14":{"type":"branch","line":121,"loc":{"start":{"line":121,"column":2},"end":{"line":127,"column":3}},"locations":[{"start":{"line":121,"column":2},"end":{"line":127,"column":3}}]},"15":{"type":"branch","line":130,"loc":{"start":{"line":130,"column":2},"end":{"line":136,"column":3}},"locations":[{"start":{"line":130,"column":2},"end":{"line":136,"column":3}}]},"16":{"type":"branch","line":139,"loc":{"start":{"line":139,"column":2},"end":{"line":146,"column":3}},"locations":[{"start":{"line":139,"column":2},"end":{"line":146,"column":3}}]}},"b":{"0":[27],"1":[3],"2":[0],"3":[2],"4":[25],"5":[24],"6":[23],"7":[24],"8":[24],"9":[25],"10":[24],"11":[1],"12":[1],"13":[1],"14":[1],"15":[1],"16":[1]},"fnMap":{"0":{"name":"MiniMax","decl":{"start":{"line":55,"column":2},"end":{"line":89,"column":3}},"loc":{"start":{"line":55,"column":2},"end":{"line":89,"column":3}},"line":55},"1":{"name":"request","decl":{"start":{"line":94,"column":2},"end":{"line":100,"column":3}},"loc":{"start":{"line":94,"column":2},"end":{"line":100,"column":3}},"line":94},"2":{"name":"requestAnthropic","decl":{"start":{"line":103,"column":2},"end":{"line":109,"column":3}},"loc":{"start":{"line":103,"column":2},"end":{"line":109,"column":3}},"line":103},"3":{"name":"streamRequest","decl":{"start":{"line":112,"column":2},"end":{"line":118,"column":3}},"loc":{"start":{"line":112,"column":2},"end":{"line":118,"column":3}},"line":112},"4":{"name":"streamRequestAnthropic","decl":{"start":{"line":121,"column":2},"end":{"line":127,"column":3}},"loc":{"start":{"line":121,"column":2},"end":{"line":127,"column":3}},"line":121},"5":{"name":"requestBytes","decl":{"start":{"line":130,"column":2},"end":{"line":136,"column":3}},"loc":{"start":{"line":130,"column":2},"end":{"line":136,"column":3}},"line":130},"6":{"name":"upload","decl":{"start":{"line":139,"column":2},"end":{"line":146,"column":3}},"loc":{"start":{"line":139,"column":2},"end":{"line":146,"column":3}},"line":139}},"f":{"0":27,"1":1,"2":1,"3":1,"4":1,"5":1,"6":1}}
,"/Users/zienmacmini/Projects/minimax-sdk/typescript/src/error.ts": {"path":"/Users/zienmacmini/Projects/minimax-sdk/typescript/src/error.ts","all":false,"statementMap":{"9":{"start":{"line":10,"column":0},"end":{"line":10,"column":41}},"13":{"start":{"line":14,"column":0},"end":{"line":14,"column":56}},"14":{"start":{"line":15,"column":0},"end":{"line":15,"column":19}},"15":{"start":{"line":16,"column":0},"end":{"line":16,"column":31}},"16":{"start":{"line":17,"column":0},"end":{"line":17,"column":21}},"17":{"start":{"line":18,"column":0},"end":{"line":18,"column":27}},"18":{"start":{"line":19,"column":0},"end":{"line":19,"column":3}},"19":{"start":{"line":20,"column":0},"end":{"line":20,"column":1}},"23":{"start":{"line":24,"column":0},"end":{"line":24,"column":45}},"24":{"start":{"line":25,"column":0},"end":{"line":25,"column":56}},"25":{"start":{"line":26,"column":0},"end":{"line":26,"column":34}},"26":{"start":{"line":27,"column":0},"end":{"line":27,"column":28}},"27":{"start":{"line":28,"column":0},"end":{"line":28,"column":3}},"28":{"start":{"line":29,"column":0},"end":{"line":29,"column":1}},"32":{"start":{"line":33,"column":0},"end":{"line":33,"column":50}},"33":{"start":{"line":34,"column":0},"end":{"line":34,"column":56}},"34":{"start":{"line":35,"column":0},"end":{"line":35,"column":34}},"35":{"start":{"line":36,"column":0},"end":{"line":36,"column":33}},"36":{"start":{"line":37,"column":0},"end":{"line":37,"column":3}},"37":{"start":{"line":38,"column":0},"end":{"line":38,"column":1}},"41":{"start":{"line":42,"column":0},"end":{"line":42,"column":60}},"42":{"start":{"line":43,"column":0},"end":{"line":43,"column":56}},"43":{"start":{"line":44,"column":0},"end":{"line":44,"column":34}},"44":{"start":{"line":45,"column":0},"end":{"line":45,"column":43}},"45":{"start":{"line":46,"column":0},"end":{"line":46,"column":3}},"46":{"start":{"line":47,"column":0},"end":{"line":47,"column":1}},"50":{"start":{"line":51,"column":0},"end":{"line":51,"column":54}},"51":{"start":{"line":52,"column":0},"end":{"line":52,"column":56}},"52":{"start":{"line":53,"column":0},"end":{"line":53,"column":34}},"53":{"start":{"line":54,"column":0},"end":{"line":54,"column":37}},"54":{"start":{"line":55,"column":0},"end":{"line":55,"column":3}},"55":{"start":{"line":56,"column":0},"end":{"line":56,"column":1}},"57":{"start":{"line":58,"column":0},"end":{"line":58,"column":58}},"58":{"start":{"line":59,"column":0},"end":{"line":59,"column":56}},"59":{"start":{"line":60,"column":0},"end":{"line":60,"column":34}},"60":{"start":{"line":61,"column":0},"end":{"line":61,"column":35}},"61":{"start":{"line":62,"column":0},"end":{"line":62,"column":3}},"62":{"start":{"line":63,"column":0},"end":{"line":63,"column":1}},"64":{"start":{"line":65,"column":0},"end":{"line":65,"column":59}},"65":{"start":{"line":66,"column":0},"end":{"line":66,"column":56}},"66":{"start":{"line":67,"column":0},"end":{"line":67,"column":34}},"67":{"start":{"line":68,"column":0},"end":{"line":68,"column":36}},"68":{"start":{"line":69,"column":0},"end":{"line":69,"column":3}},"69":{"start":{"line":70,"column":0},"end":{"line":70,"column":1}},"73":{"start":{"line":74,"column":0},"end":{"line":74,"column":57}},"74":{"start":{"line":75,"column":0},"end":{"line":75,"column":56}},"75":{"start":{"line":76,"column":0},"end":{"line":76,"column":34}},"76":{"start":{"line":77,"column":0},"end":{"line":77,"column":40}},"77":{"start":{"line":78,"column":0},"end":{"line":78,"column":3}},"78":{"start":{"line":79,"column":0},"end":{"line":79,"column":1}},"82":{"start":{"line":83,"column":0},"end":{"line":83,"column":51}},"83":{"start":{"line":84,"column":0},"end":{"line":84,"column":56}},"84":{"start":{"line":85,"column":0},"end":{"line":85,"column":34}},"85":{"start":{"line":86,"column":0},"end":{"line":86,"column":34}},"86":{"start":{"line":87,"column":0},"end":{"line":87,"column":3}},"87":{"start":{"line":88,"column":0},"end":{"line":88,"column":1}},"89":{"start":{"line":90,"column":0},"end":{"line":90,"column":52}},"90":{"start":{"line":91,"column":0},"end":{"line":91,"column":56}},"91":{"start":{"line":92,"column":0},"end":{"line":92,"column":34}},"92":{"start":{"line":93,"column":0},"end":{"line":93,"column":35}},"93":{"start":{"line":94,"column":0},"end":{"line":94,"column":3}},"94":{"start":{"line":95,"column":0},"end":{"line":95,"column":1}},"98":{"start":{"line":99,"column":0},"end":{"line":99,"column":46}},"99":{"start":{"line":100,"column":0},"end":{"line":100,"column":56}},"100":{"start":{"line":101,"column":0},"end":{"line":101,"column":34}},"101":{"start":{"line":102,"column":0},"end":{"line":102,"column":29}},"102":{"start":{"line":103,"column":0},"end":{"line":103,"column":3}},"103":{"start":{"line":104,"column":0},"end":{"line":104,"column":1}},"105":{"start":{"line":106,"column":0},"end":{"line":106,"column":49}},"106":{"start":{"line":107,"column":0},"end":{"line":107,"column":56}},"107":{"start":{"line":108,"column":0},"end":{"line":108,"column":34}},"108":{"start":{"line":109,"column":0},"end":{"line":109,"column":34}},"109":{"start":{"line":110,"column":0},"end":{"line":110,"column":3}},"110":{"start":{"line":111,"column":0},"end":{"line":111,"column":1}},"112":{"start":{"line":113,"column":0},"end":{"line":113,"column":53}},"113":{"start":{"line":114,"column":0},"end":{"line":114,"column":56}},"114":{"start":{"line":115,"column":0},"end":{"line":115,"column":34}},"115":{"start":{"line":116,"column":0},"end":{"line":116,"column":38}},"116":{"start":{"line":117,"column":0},"end":{"line":117,"column":3}},"117":{"start":{"line":118,"column":0},"end":{"line":118,"column":1}},"119":{"start":{"line":120,"column":0},"end":{"line":120,"column":54}},"120":{"start":{"line":121,"column":0},"end":{"line":121,"column":56}},"121":{"start":{"line":122,"column":0},"end":{"line":122,"column":34}},"122":{"start":{"line":123,"column":0},"end":{"line":123,"column":39}},"123":{"start":{"line":124,"column":0},"end":{"line":124,"column":3}},"124":{"start":{"line":125,"column":0},"end":{"line":125,"column":1}},"128":{"start":{"line":129,"column":0},"end":{"line":129,"column":47}},"129":{"start":{"line":130,"column":0},"end":{"line":130,"column":56}},"130":{"start":{"line":131,"column":0},"end":{"line":131,"column":34}},"131":{"start":{"line":132,"column":0},"end":{"line":132,"column":30}},"132":{"start":{"line":133,"column":0},"end":{"line":133,"column":3}},"133":{"start":{"line":134,"column":0},"end":{"line":134,"column":1}},"143":{"start":{"line":144,"column":0},"end":{"line":144,"column":65}},"144":{"start":{"line":145,"column":0},"end":{"line":145,"column":20}},"145":{"start":{"line":146,"column":0},"end":{"line":146,"column":24}},"146":{"start":{"line":147,"column":0},"end":{"line":147,"column":23}},"147":{"start":{"line":148,"column":0},"end":{"line":148,"column":18}},"148":{"start":{"line":149,"column":0},"end":{"line":149,"column":33}},"149":{"start":{"line":150,"column":0},"end":{"line":150,"column":20}},"150":{"start":{"line":151,"column":0},"end":{"line":151,"column":25}},"151":{"start":{"line":152,"column":0},"end":{"line":152,"column":26}},"152":{"start":{"line":153,"column":0},"end":{"line":153,"column":20}},"153":{"start":{"line":154,"column":0},"end":{"line":154,"column":23}},"154":{"start":{"line":155,"column":0},"end":{"line":155,"column":23}},"155":{"start":{"line":156,"column":0},"end":{"line":156,"column":30}},"156":{"start":{"line":157,"column":0},"end":{"line":157,"column":24}},"157":{"start":{"line":158,"column":0},"end":{"line":158,"column":24}},"158":{"start":{"line":159,"column":0},"end":{"line":159,"column":30}},"159":{"start":{"line":160,"column":0},"end":{"line":160,"column":31}},"160":{"start":{"line":161,"column":0},"end":{"line":161,"column":30}},"161":{"start":{"line":162,"column":0},"end":{"line":162,"column":28}},"162":{"start":{"line":163,"column":0},"end":{"line":163,"column":29}},"163":{"start":{"line":164,"column":0},"end":{"line":164,"column":23}},"164":{"start":{"line":165,"column":0},"end":{"line":165,"column":30}},"165":{"start":{"line":166,"column":0},"end":{"line":166,"column":18}},"166":{"start":{"line":167,"column":0},"end":{"line":167,"column":33}},"167":{"start":{"line":168,"column":0},"end":{"line":168,"column":2}},"169":{"start":{"line":170,"column":0},"end":{"line":170,"column":71}},"173":{"start":{"line":174,"column":0},"end":{"line":174,"column":75}},"174":{"start":{"line":175,"column":0},"end":{"line":175,"column":34}},"175":{"start":{"line":176,"column":0},"end":{"line":176,"column":42}},"176":{"start":{"line":177,"column":0},"end":{"line":177,"column":30}},"177":{"start":{"line":178,"column":0},"end":{"line":178,"column":35}},"178":{"start":{"line":179,"column":0},"end":{"line":179,"column":47}},"179":{"start":{"line":180,"column":0},"end":{"line":180,"column":32}},"180":{"start":{"line":181,"column":0},"end":{"line":181,"column":43}},"181":{"start":{"line":182,"column":0},"end":{"line":182,"column":25}},"182":{"start":{"line":183,"column":0},"end":{"line":183,"column":32}},"183":{"start":{"line":184,"column":0},"end":{"line":184,"column":2}}},"s":{"9":1,"13":1,"14":77,"15":77,"16":77,"17":77,"18":77,"19":1,"23":1,"24":1,"25":10,"26":10,"27":10,"28":1,"32":1,"33":1,"34":5,"35":5,"36":5,"37":1,"41":1,"42":1,"43":3,"44":3,"45":3,"46":1,"50":1,"51":1,"52":8,"53":8,"54":8,"55":1,"57":1,"58":1,"59":3,"60":3,"61":3,"62":1,"64":1,"65":1,"66":3,"67":3,"68":3,"69":1,"73":1,"74":1,"75":6,"76":6,"77":6,"78":1,"82":1,"83":1,"84":2,"85":2,"86":2,"87":1,"89":1,"90":1,"91":3,"92":3,"93":3,"94":1,"98":1,"99":1,"100":11,"101":11,"102":11,"103":1,"105":1,"106":1,"107":3,"108":3,"109":3,"110":1,"112":1,"113":1,"114":3,"115":3,"116":3,"117":1,"119":1,"120":1,"121":3,"122":3,"123":3,"124":1,"128":1,"129":1,"130":7,"131":7,"132":7,"133":1,"143":1,"144":1,"145":1,"146":1,"147":1,"148":1,"149":1,"150":1,"151":1,"152":1,"153":1,"154":1,"155":1,"156":1,"157":1,"158":1,"159":1,"160":1,"161":1,"162":1,"163":1,"164":1,"165":1,"166":1,"167":1,"169":1,"173":1,"174":1,"175":1,"176":1,"177":1,"178":1,"179":1,"180":1,"181":1,"182":1,"183":1},"branchMap":{"0":{"type":"branch","line":14,"loc":{"start":{"line":14,"column":2},"end":{"line":19,"column":3}},"locations":[{"start":{"line":14,"column":2},"end":{"line":19,"column":3}}]},"1":{"type":"branch","line":25,"loc":{"start":{"line":25,"column":2},"end":{"line":28,"column":3}},"locations":[{"start":{"line":25,"column":2},"end":{"line":28,"column":3}}]},"2":{"type":"branch","line":34,"loc":{"start":{"line":34,"column":2},"end":{"line":37,"column":3}},"locations":[{"start":{"line":34,"column":2},"end":{"line":37,"column":3}}]},"3":{"type":"branch","line":43,"loc":{"start":{"line":43,"column":2},"end":{"line":46,"column":3}},"locations":[{"start":{"line":43,"column":2},"end":{"line":46,"column":3}}]},"4":{"type":"branch","line":52,"loc":{"start":{"line":52,"column":2},"end":{"line":55,"column":3}},"locations":[{"start":{"line":52,"column":2},"end":{"line":55,"column":3}}]},"5":{"type":"branch","line":59,"loc":{"start":{"line":59,"column":2},"end":{"line":62,"column":3}},"locations":[{"start":{"line":59,"column":2},"end":{"line":62,"column":3}}]},"6":{"type":"branch","line":66,"loc":{"start":{"line":66,"column":2},"end":{"line":69,"column":3}},"locations":[{"start":{"line":66,"column":2},"end":{"line":69,"column":3}}]},"7":{"type":"branch","line":75,"loc":{"start":{"line":75,"column":2},"end":{"line":78,"column":3}},"locations":[{"start":{"line":75,"column":2},"end":{"line":78,"column":3}}]},"8":{"type":"branch","line":84,"loc":{"start":{"line":84,"column":2},"end":{"line":87,"column":3}},"locations":[{"start":{"line":84,"column":2},"end":{"line":87,"column":3}}]},"9":{"type":"branch","line":91,"loc":{"start":{"line":91,"column":2},"end":{"line":94,"column":3}},"locations":[{"start":{"line":91,"column":2},"end":{"line":94,"column":3}}]},"10":{"type":"branch","line":100,"loc":{"start":{"line":100,"column":2},"end":{"line":103,"column":3}},"locations":[{"start":{"line":100,"column":2},"end":{"line":103,"column":3}}]},"11":{"type":"branch","line":107,"loc":{"start":{"line":107,"column":2},"end":{"line":110,"column":3}},"locations":[{"start":{"line":107,"column":2},"end":{"line":110,"column":3}}]},"12":{"type":"branch","line":114,"loc":{"start":{"line":114,"column":2},"end":{"line":117,"column":3}},"locations":[{"start":{"line":114,"column":2},"end":{"line":117,"column":3}}]},"13":{"type":"branch","line":121,"loc":{"start":{"line":121,"column":2},"end":{"line":124,"column":3}},"locations":[{"start":{"line":121,"column":2},"end":{"line":124,"column":3}}]},"14":{"type":"branch","line":130,"loc":{"start":{"line":130,"column":2},"end":{"line":133,"column":3}},"locations":[{"start":{"line":130,"column":2},"end":{"line":133,"column":3}}]}},"b":{"0":[77],"1":[10],"2":[5],"3":[3],"4":[8],"5":[3],"6":[3],"7":[6],"8":[2],"9":[3],"10":[11],"11":[3],"12":[3],"13":[3],"14":[7]},"fnMap":{"0":{"name":"MiniMaxError","decl":{"start":{"line":14,"column":2},"end":{"line":19,"column":3}},"loc":{"start":{"line":14,"column":2},"end":{"line":19,"column":3}},"line":14},"1":{"name":"AuthError","decl":{"start":{"line":25,"column":2},"end":{"line":28,"column":3}},"loc":{"start":{"line":25,"column":2},"end":{"line":28,"column":3}},"line":25},"2":{"name":"RateLimitError","decl":{"start":{"line":34,"column":2},"end":{"line":37,"column":3}},"loc":{"start":{"line":34,"column":2},"end":{"line":37,"column":3}},"line":34},"3":{"name":"InsufficientBalanceError","decl":{"start":{"line":43,"column":2},"end":{"line":46,"column":3}},"loc":{"start":{"line":43,"column":2},"end":{"line":46,"column":3}},"line":43},"4":{"name":"ContentSafetyError","decl":{"start":{"line":52,"column":2},"end":{"line":55,"column":3}},"loc":{"start":{"line":52,"column":2},"end":{"line":55,"column":3}},"line":52},"5":{"name":"InputSafetyError","decl":{"start":{"line":59,"column":2},"end":{"line":62,"column":3}},"loc":{"start":{"line":59,"column":2},"end":{"line":62,"column":3}},"line":59},"6":{"name":"OutputSafetyError","decl":{"start":{"line":66,"column":2},"end":{"line":69,"column":3}},"loc":{"start":{"line":66,"column":2},"end":{"line":69,"column":3}},"line":66},"7":{"name":"InvalidParameterError","decl":{"start":{"line":75,"column":2},"end":{"line":78,"column":3}},"loc":{"start":{"line":75,"column":2},"end":{"line":78,"column":3}},"line":75},"8":{"name":"APITimeoutError","decl":{"start":{"line":84,"column":2},"end":{"line":87,"column":3}},"loc":{"start":{"line":84,"column":2},"end":{"line":87,"column":3}},"line":84},"9":{"name":"PollTimeoutError","decl":{"start":{"line":91,"column":2},"end":{"line":94,"column":3}},"loc":{"start":{"line":91,"column":2},"end":{"line":94,"column":3}},"line":91},"10":{"name":"VoiceError","decl":{"start":{"line":100,"column":2},"end":{"line":103,"column":3}},"loc":{"start":{"line":100,"column":2},"end":{"line":103,"column":3}},"line":100},"11":{"name":"VoiceCloneError","decl":{"start":{"line":107,"column":2},"end":{"line":110,"column":3}},"loc":{"start":{"line":107,"column":2},"end":{"line":110,"column":3}},"line":107},"12":{"name":"VoiceDuplicateError","decl":{"start":{"line":114,"column":2},"end":{"line":117,"column":3}},"loc":{"start":{"line":114,"column":2},"end":{"line":117,"column":3}},"line":114},"13":{"name":"VoicePermissionError","decl":{"start":{"line":121,"column":2},"end":{"line":124,"column":3}},"loc":{"start":{"line":121,"column":2},"end":{"line":124,"column":3}},"line":121},"14":{"name":"ServerError","decl":{"start":{"line":130,"column":2},"end":{"line":133,"column":3}},"loc":{"start":{"line":130,"column":2},"end":{"line":133,"column":3}},"line":130}},"f":{"0":77,"1":10,"2":5,"3":3,"4":8,"5":3,"6":3,"7":6,"8":2,"9":3,"10":11,"11":3,"12":3,"13":3,"14":7}}
,"/Users/zienmacmini/Projects/minimax-sdk/typescript/src/http.ts": {"path":"/Users/zienmacmini/Projects/minimax-sdk/typescript/src/http.ts","all":false,"statementMap":{"7":{"start":{"line":8,"column":0},"end":{"line":8,"column":8}},"13":{"start":{"line":14,"column":0},"end":{"line":14,"column":39}},"31":{"start":{"line":32,"column":0},"end":{"line":32,"column":60}},"35":{"start":{"line":36,"column":0},"end":{"line":36,"column":3}},"36":{"start":{"line":37,"column":0},"end":{"line":37,"column":52}},"37":{"start":{"line":38,"column":0},"end":{"line":38,"column":45}},"38":{"start":{"line":39,"column":0},"end":{"line":39,"column":44}},"39":{"start":{"line":40,"column":0},"end":{"line":40,"column":25}},"40":{"start":{"line":41,"column":0},"end":{"line":41,"column":70}},"41":{"start":{"line":42,"column":0},"end":{"line":42,"column":4}},"42":{"start":{"line":43,"column":0},"end":{"line":43,"column":32}},"43":{"start":{"line":44,"column":0},"end":{"line":44,"column":1}},"45":{"start":{"line":46,"column":0},"end":{"line":46,"column":69}},"46":{"start":{"line":47,"column":0},"end":{"line":47,"column":50}},"47":{"start":{"line":48,"column":0},"end":{"line":48,"column":25}},"48":{"start":{"line":49,"column":0},"end":{"line":49,"column":51}},"49":{"start":{"line":50,"column":0},"end":{"line":50,"column":36}},"50":{"start":{"line":51,"column":0},"end":{"line":51,"column":1}},"52":{"start":{"line":53,"column":0},"end":{"line":53,"column":36}},"53":{"start":{"line":54,"column":0},"end":{"line":54,"column":17}},"54":{"start":{"line":55,"column":0},"end":{"line":55,"column":32}},"55":{"start":{"line":56,"column":0},"end":{"line":56,"column":9}},"56":{"start":{"line":57,"column":0},"end":{"line":57,"column":62}},"57":{"start":{"line":58,"column":0},"end":{"line":58,"column":54}},"58":{"start":{"line":59,"column":0},"end":{"line":59,"column":59}},"59":{"start":{"line":60,"column":0},"end":{"line":60,"column":50}},"60":{"start":{"line":61,"column":0},"end":{"line":61,"column":66}},"61":{"start":{"line":62,"column":0},"end":{"line":62,"column":44}},"62":{"start":{"line":63,"column":0},"end":{"line":63,"column":1}},"66":{"start":{"line":67,"column":0},"end":{"line":67,"column":31}},"67":{"start":{"line":68,"column":0},"end":{"line":68,"column":60}},"69":{"start":{"line":70,"column":0},"end":{"line":70,"column":75}},"70":{"start":{"line":71,"column":0},"end":{"line":71,"column":29}},"71":{"start":{"line":72,"column":0},"end":{"line":72,"column":1}},"73":{"start":{"line":74,"column":0},"end":{"line":74,"column":61}},"74":{"start":{"line":75,"column":0},"end":{"line":75,"column":43}},"75":{"start":{"line":76,"column":0},"end":{"line":76,"column":33}},"76":{"start":{"line":77,"column":0},"end":{"line":77,"column":35}},"77":{"start":{"line":78,"column":0},"end":{"line":78,"column":39}},"78":{"start":{"line":79,"column":0},"end":{"line":79,"column":1}},"80":{"start":{"line":81,"column":0},"end":{"line":81,"column":43}},"81":{"start":{"line":82,"column":0},"end":{"line":82,"column":59}},"82":{"start":{"line":83,"column":0},"end":{"line":83,"column":1}},"86":{"start":{"line":87,"column":0},"end":{"line":87,"column":25}},"93":{"start":{"line":94,"column":0},"end":{"line":94,"column":21}},"99":{"start":{"line":100,"column":0},"end":{"line":100,"column":6}},"100":{"start":{"line":101,"column":0},"end":{"line":101,"column":31}},"101":{"start":{"line":102,"column":0},"end":{"line":102,"column":52}},"102":{"start":{"line":103,"column":0},"end":{"line":103,"column":33}},"103":{"start":{"line":104,"column":0},"end":{"line":104,"column":38}},"104":{"start":{"line":105,"column":0},"end":{"line":105,"column":51}},"105":{"start":{"line":106,"column":0},"end":{"line":106,"column":3}},"107":{"start":{"line":108,"column":0},"end":{"line":108,"column":46}},"108":{"start":{"line":109,"column":0},"end":{"line":109,"column":12}},"109":{"start":{"line":110,"column":0},"end":{"line":110,"column":46}},"110":{"start":{"line":111,"column":0},"end":{"line":111,"column":41}},"111":{"start":{"line":112,"column":0},"end":{"line":112,"column":56}},"112":{"start":{"line":113,"column":0},"end":{"line":113,"column":6}},"113":{"start":{"line":114,"column":0},"end":{"line":114,"column":3}},"115":{"start":{"line":116,"column":0},"end":{"line":116,"column":20}},"116":{"start":{"line":117,"column":0},"end":{"line":117,"column":17}},"117":{"start":{"line":118,"column":0},"end":{"line":118,"column":36}},"118":{"start":{"line":119,"column":0},"end":{"line":119,"column":13}},"119":{"start":{"line":120,"column":0},"end":{"line":120,"column":44}},"120":{"start":{"line":121,"column":0},"end":{"line":121,"column":17}},"121":{"start":{"line":122,"column":0},"end":{"line":122,"column":58}},"122":{"start":{"line":123,"column":0},"end":{"line":123,"column":41}},"123":{"start":{"line":124,"column":0},"end":{"line":124,"column":7}},"124":{"start":{"line":125,"column":0},"end":{"line":125,"column":5}},"125":{"start":{"line":126,"column":0},"end":{"line":126,"column":26}},"126":{"start":{"line":127,"column":0},"end":{"line":127,"column":3}},"128":{"start":{"line":129,"column":0},"end":{"line":129,"column":29}},"129":{"start":{"line":130,"column":0},"end":{"line":130,"column":33}},"130":{"start":{"line":131,"column":0},"end":{"line":131,"column":49}},"131":{"start":{"line":132,"column":0},"end":{"line":132,"column":45}},"132":{"start":{"line":133,"column":0},"end":{"line":133,"column":70}},"134":{"start":{"line":135,"column":0},"end":{"line":135,"column":25}},"135":{"start":{"line":136,"column":0},"end":{"line":136,"column":73}},"136":{"start":{"line":137,"column":0},"end":{"line":137,"column":5}},"138":{"start":{"line":139,"column":0},"end":{"line":139,"column":12}},"139":{"start":{"line":140,"column":0},"end":{"line":140,"column":32}},"140":{"start":{"line":141,"column":0},"end":{"line":141,"column":39}},"141":{"start":{"line":142,"column":0},"end":{"line":142,"column":6}},"142":{"start":{"line":143,"column":0},"end":{"line":143,"column":3}},"146":{"start":{"line":147,"column":0},"end":{"line":147,"column":16}},"147":{"start":{"line":148,"column":0},"end":{"line":148,"column":19}},"148":{"start":{"line":149,"column":0},"end":{"line":149,"column":17}},"149":{"start":{"line":150,"column":0},"end":{"line":150,"column":30}},"150":{"start":{"line":151,"column":0},"end":{"line":151,"column":39}},"151":{"start":{"line":152,"column":0},"end":{"line":152,"column":37}},"153":{"start":{"line":154,"column":0},"end":{"line":154,"column":66}},"154":{"start":{"line":155,"column":0},"end":{"line":155,"column":69}},"156":{"start":{"line":157,"column":0},"end":{"line":157,"column":11}},"157":{"start":{"line":158,"column":0},"end":{"line":158,"column":45}},"158":{"start":{"line":159,"column":0},"end":{"line":159,"column":44}},"159":{"start":{"line":160,"column":0},"end":{"line":160,"column":11}},"160":{"start":{"line":161,"column":0},"end":{"line":161,"column":19}},"161":{"start":{"line":162,"column":0},"end":{"line":162,"column":37}},"162":{"start":{"line":163,"column":0},"end":{"line":163,"column":68}},"163":{"start":{"line":164,"column":0},"end":{"line":164,"column":19}},"164":{"start":{"line":165,"column":0},"end":{"line":165,"column":12}},"165":{"start":{"line":166,"column":0},"end":{"line":166,"column":10}},"166":{"start":{"line":167,"column":0},"end":{"line":167,"column":16}},"168":{"start":{"line":169,"column":0},"end":{"line":169,"column":72}},"169":{"start":{"line":170,"column":0},"end":{"line":170,"column":47}},"171":{"start":{"line":172,"column":0},"end":{"line":172,"column":36}},"173":{"start":{"line":174,"column":0},"end":{"line":174,"column":69}},"174":{"start":{"line":175,"column":0},"end":{"line":175,"column":44}},"175":{"start":{"line":176,"column":0},"end":{"line":176,"column":30}},"176":{"start":{"line":177,"column":0},"end":{"line":177,"column":59}},"177":{"start":{"line":178,"column":0},"end":{"line":178,"column":46}},"178":{"start":{"line":179,"column":0},"end":{"line":179,"column":11}},"179":{"start":{"line":180,"column":0},"end":{"line":180,"column":29}},"180":{"start":{"line":181,"column":0},"end":{"line":181,"column":19}},"181":{"start":{"line":182,"column":0},"end":{"line":182,"column":9}},"183":{"start":{"line":184,"column":0},"end":{"line":184,"column":29}},"184":{"start":{"line":185,"column":0},"end":{"line":185,"column":21}},"185":{"start":{"line":186,"column":0},"end":{"line":186,"column":16}},"186":{"start":{"line":187,"column":0},"end":{"line":187,"column":51}},"187":{"start":{"line":188,"column":0},"end":{"line":188,"column":31}},"188":{"start":{"line":189,"column":0},"end":{"line":189,"column":40}},"189":{"start":{"line":190,"column":0},"end":{"line":190,"column":45}},"190":{"start":{"line":191,"column":0},"end":{"line":191,"column":19}},"191":{"start":{"line":192,"column":0},"end":{"line":192,"column":9}},"192":{"start":{"line":193,"column":0},"end":{"line":193,"column":75}},"193":{"start":{"line":194,"column":0},"end":{"line":194,"column":7}},"194":{"start":{"line":195,"column":0},"end":{"line":195,"column":5}},"196":{"start":{"line":197,"column":0},"end":{"line":197,"column":64}},"197":{"start":{"line":198,"column":0},"end":{"line":198,"column":3}},"201":{"start":{"line":202,"column":0},"end":{"line":202,"column":25}},"202":{"start":{"line":203,"column":0},"end":{"line":203,"column":19}},"203":{"start":{"line":204,"column":0},"end":{"line":204,"column":17}},"204":{"start":{"line":205,"column":0},"end":{"line":205,"column":30}},"205":{"start":{"line":206,"column":0},"end":{"line":206,"column":39}},"206":{"start":{"line":207,"column":0},"end":{"line":207,"column":37}},"208":{"start":{"line":209,"column":0},"end":{"line":209,"column":66}},"209":{"start":{"line":210,"column":0},"end":{"line":210,"column":69}},"211":{"start":{"line":212,"column":0},"end":{"line":212,"column":11}},"212":{"start":{"line":213,"column":0},"end":{"line":213,"column":45}},"213":{"start":{"line":214,"column":0},"end":{"line":214,"column":44}},"214":{"start":{"line":215,"column":0},"end":{"line":215,"column":11}},"215":{"start":{"line":216,"column":0},"end":{"line":216,"column":19}},"216":{"start":{"line":217,"column":0},"end":{"line":217,"column":37}},"217":{"start":{"line":218,"column":0},"end":{"line":218,"column":68}},"218":{"start":{"line":219,"column":0},"end":{"line":219,"column":19}},"219":{"start":{"line":220,"column":0},"end":{"line":220,"column":12}},"220":{"start":{"line":221,"column":0},"end":{"line":221,"column":10}},"221":{"start":{"line":222,"column":0},"end":{"line":222,"column":16}},"223":{"start":{"line":224,"column":0},"end":{"line":224,"column":38}},"224":{"start":{"line":225,"column":0},"end":{"line":225,"column":68}},"225":{"start":{"line":226,"column":0},"end":{"line":226,"column":9}},"228":{"start":{"line":229,"column":0},"end":{"line":229,"column":12}},"229":{"start":{"line":230,"column":0},"end":{"line":230,"column":60}},"230":{"start":{"line":231,"column":0},"end":{"line":231,"column":35}},"231":{"start":{"line":232,"column":0},"end":{"line":232,"column":11}},"232":{"start":{"line":233,"column":0},"end":{"line":233,"column":44}},"233":{"start":{"line":234,"column":0},"end":{"line":234,"column":40}},"234":{"start":{"line":235,"column":0},"end":{"line":235,"column":59}},"235":{"start":{"line":236,"column":0},"end":{"line":236,"column":46}},"236":{"start":{"line":237,"column":0},"end":{"line":237,"column":11}},"237":{"start":{"line":238,"column":0},"end":{"line":238,"column":29}},"238":{"start":{"line":239,"column":0},"end":{"line":239,"column":19}},"239":{"start":{"line":240,"column":0},"end":{"line":240,"column":9}},"242":{"start":{"line":243,"column":0},"end":{"line":243,"column":42}},"243":{"start":{"line":244,"column":0},"end":{"line":244,"column":13}},"244":{"start":{"line":245,"column":0},"end":{"line":245,"column":68}},"245":{"start":{"line":246,"column":0},"end":{"line":246,"column":17}},"246":{"start":{"line":247,"column":0},"end":{"line":247,"column":33}},"247":{"start":{"line":248,"column":0},"end":{"line":248,"column":64}},"248":{"start":{"line":249,"column":0},"end":{"line":249,"column":28}},"249":{"start":{"line":250,"column":0},"end":{"line":250,"column":12}},"250":{"start":{"line":251,"column":0},"end":{"line":251,"column":9}},"251":{"start":{"line":252,"column":0},"end":{"line":252,"column":51}},"252":{"start":{"line":253,"column":0},"end":{"line":253,"column":21}},"253":{"start":{"line":254,"column":0},"end":{"line":254,"column":16}},"254":{"start":{"line":255,"column":0},"end":{"line":255,"column":51}},"255":{"start":{"line":256,"column":0},"end":{"line":256,"column":31}},"256":{"start":{"line":257,"column":0},"end":{"line":257,"column":40}},"257":{"start":{"line":258,"column":0},"end":{"line":258,"column":45}},"258":{"start":{"line":259,"column":0},"end":{"line":259,"column":19}},"259":{"start":{"line":260,"column":0},"end":{"line":260,"column":9}},"260":{"start":{"line":261,"column":0},"end":{"line":261,"column":75}},"261":{"start":{"line":262,"column":0},"end":{"line":262,"column":7}},"262":{"start":{"line":263,"column":0},"end":{"line":263,"column":5}},"264":{"start":{"line":265,"column":0},"end":{"line":265,"column":64}},"265":{"start":{"line":266,"column":0},"end":{"line":266,"column":3}},"269":{"start":{"line":270,"column":0},"end":{"line":270,"column":31}},"270":{"start":{"line":271,"column":0},"end":{"line":271,"column":19}},"271":{"start":{"line":272,"column":0},"end":{"line":272,"column":17}},"272":{"start":{"line":273,"column":0},"end":{"line":273,"column":30}},"273":{"start":{"line":274,"column":0},"end":{"line":274,"column":38}},"274":{"start":{"line":275,"column":0},"end":{"line":275,"column":67}},"276":{"start":{"line":277,"column":0},"end":{"line":277,"column":41}},"277":{"start":{"line":278,"column":0},"end":{"line":278,"column":40}},"278":{"start":{"line":279,"column":0},"end":{"line":279,"column":7}},"279":{"start":{"line":280,"column":0},"end":{"line":280,"column":15}},"280":{"start":{"line":281,"column":0},"end":{"line":281,"column":33}},"281":{"start":{"line":282,"column":0},"end":{"line":282,"column":64}},"282":{"start":{"line":283,"column":0},"end":{"line":283,"column":15}},"283":{"start":{"line":284,"column":0},"end":{"line":284,"column":8}},"284":{"start":{"line":285,"column":0},"end":{"line":285,"column":29}},"285":{"start":{"line":286,"column":0},"end":{"line":286,"column":14}},"286":{"start":{"line":287,"column":0},"end":{"line":287,"column":69}},"287":{"start":{"line":288,"column":0},"end":{"line":288,"column":7}},"289":{"start":{"line":290,"column":0},"end":{"line":290,"column":34}},"290":{"start":{"line":291,"column":0},"end":{"line":291,"column":14}},"291":{"start":{"line":292,"column":0},"end":{"line":292,"column":40}},"292":{"start":{"line":293,"column":0},"end":{"line":293,"column":11}},"293":{"start":{"line":294,"column":0},"end":{"line":294,"column":66}},"294":{"start":{"line":295,"column":0},"end":{"line":295,"column":15}},"295":{"start":{"line":296,"column":0},"end":{"line":296,"column":31}},"296":{"start":{"line":297,"column":0},"end":{"line":297,"column":62}},"297":{"start":{"line":298,"column":0},"end":{"line":298,"column":26}},"298":{"start":{"line":299,"column":0},"end":{"line":299,"column":10}},"299":{"start":{"line":300,"column":0},"end":{"line":300,"column":7}},"300":{"start":{"line":301,"column":0},"end":{"line":301,"column":49}},"301":{"start":{"line":302,"column":0},"end":{"line":302,"column":5}},"303":{"start":{"line":304,"column":0},"end":{"line":304,"column":25}},"304":{"start":{"line":305,"column":0},"end":{"line":305,"column":14}},"305":{"start":{"line":306,"column":0},"end":{"line":306,"column":54}},"306":{"start":{"line":307,"column":0},"end":{"line":307,"column":5}},"309":{"start":{"line":310,"column":0},"end":{"line":310,"column":45}},"310":{"start":{"line":311,"column":0},"end":{"line":311,"column":38}},"311":{"start":{"line":312,"column":0},"end":{"line":312,"column":20}},"313":{"start":{"line":314,"column":0},"end":{"line":314,"column":39}},"314":{"start":{"line":315,"column":0},"end":{"line":315,"column":30}},"315":{"start":{"line":316,"column":0},"end":{"line":316,"column":52}},"316":{"start":{"line":317,"column":0},"end":{"line":317,"column":19}},"318":{"start":{"line":319,"column":0},"end":{"line":319,"column":34}},"319":{"start":{"line":320,"column":0},"end":{"line":320,"column":39}},"320":{"start":{"line":321,"column":0},"end":{"line":321,"column":24}},"321":{"start":{"line":322,"column":0},"end":{"line":322,"column":11}},"322":{"start":{"line":323,"column":0},"end":{"line":323,"column":18}},"323":{"start":{"line":324,"column":0},"end":{"line":324,"column":29}},"324":{"start":{"line":325,"column":0},"end":{"line":325,"column":17}},"325":{"start":{"line":326,"column":0},"end":{"line":326,"column":9}},"327":{"start":{"line":328,"column":0},"end":{"line":328,"column":58}},"328":{"start":{"line":329,"column":0},"end":{"line":329,"column":41}},"329":{"start":{"line":330,"column":0},"end":{"line":330,"column":35}},"331":{"start":{"line":332,"column":0},"end":{"line":332,"column":35}},"332":{"start":{"line":333,"column":0},"end":{"line":333,"column":35}},"333":{"start":{"line":334,"column":0},"end":{"line":334,"column":9}},"334":{"start":{"line":335,"column":0},"end":{"line":335,"column":8}},"335":{"start":{"line":336,"column":0},"end":{"line":336,"column":16}},"336":{"start":{"line":337,"column":0},"end":{"line":337,"column":16}},"337":{"start":{"line":338,"column":0},"end":{"line":338,"column":24}},"338":{"start":{"line":339,"column":0},"end":{"line":339,"column":8}},"339":{"start":{"line":340,"column":0},"end":{"line":340,"column":7}},"340":{"start":{"line":341,"column":0},"end":{"line":341,"column":3}},"344":{"start":{"line":345,"column":0},"end":{"line":345,"column":22}},"345":{"start":{"line":346,"column":0},"end":{"line":346,"column":19}},"346":{"start":{"line":347,"column":0},"end":{"line":347,"column":17}},"347":{"start":{"line":348,"column":0},"end":{"line":348,"column":30}},"348":{"start":{"line":349,"column":0},"end":{"line":349,"column":38}},"349":{"start":{"line":350,"column":0},"end":{"line":350,"column":67}},"351":{"start":{"line":352,"column":0},"end":{"line":352,"column":41}},"352":{"start":{"line":353,"column":0},"end":{"line":353,"column":40}},"353":{"start":{"line":354,"column":0},"end":{"line":354,"column":7}},"354":{"start":{"line":355,"column":0},"end":{"line":355,"column":15}},"355":{"start":{"line":356,"column":0},"end":{"line":356,"column":33}},"356":{"start":{"line":357,"column":0},"end":{"line":357,"column":64}},"357":{"start":{"line":358,"column":0},"end":{"line":358,"column":15}},"358":{"start":{"line":359,"column":0},"end":{"line":359,"column":8}},"359":{"start":{"line":360,"column":0},"end":{"line":360,"column":29}},"360":{"start":{"line":361,"column":0},"end":{"line":361,"column":14}},"361":{"start":{"line":362,"column":0},"end":{"line":362,"column":69}},"362":{"start":{"line":363,"column":0},"end":{"line":363,"column":7}},"364":{"start":{"line":365,"column":0},"end":{"line":365,"column":23}},"365":{"start":{"line":366,"column":0},"end":{"line":366,"column":14}},"366":{"start":{"line":367,"column":0},"end":{"line":367,"column":69}},"367":{"start":{"line":368,"column":0},"end":{"line":368,"column":53}},"368":{"start":{"line":369,"column":0},"end":{"line":369,"column":72}},"369":{"start":{"line":370,"column":0},"end":{"line":370,"column":29}},"370":{"start":{"line":371,"column":0},"end":{"line":371,"column":7}},"371":{"start":{"line":372,"column":0},"end":{"line":372,"column":29}},"372":{"start":{"line":373,"column":0},"end":{"line":373,"column":58}},"373":{"start":{"line":374,"column":0},"end":{"line":374,"column":24}},"374":{"start":{"line":375,"column":0},"end":{"line":375,"column":8}},"375":{"start":{"line":376,"column":0},"end":{"line":376,"column":5}},"377":{"start":{"line":378,"column":0},"end":{"line":378,"column":25}},"378":{"start":{"line":379,"column":0},"end":{"line":379,"column":14}},"379":{"start":{"line":380,"column":0},"end":{"line":380,"column":54}},"380":{"start":{"line":381,"column":0},"end":{"line":381,"column":5}},"382":{"start":{"line":383,"column":0},"end":{"line":383,"column":45}},"383":{"start":{"line":384,"column":0},"end":{"line":384,"column":38}},"384":{"start":{"line":385,"column":0},"end":{"line":385,"column":20}},"386":{"start":{"line":387,"column":0},"end":{"line":387,"column":39}},"387":{"start":{"line":388,"column":0},"end":{"line":388,"column":30}},"388":{"start":{"line":389,"column":0},"end":{"line":389,"column":52}},"389":{"start":{"line":390,"column":0},"end":{"line":390,"column":19}},"390":{"start":{"line":391,"column":0},"end":{"line":391,"column":34}},"391":{"start":{"line":392,"column":0},"end":{"line":392,"column":39}},"392":{"start":{"line":393,"column":0},"end":{"line":393,"column":24}},"393":{"start":{"line":394,"column":0},"end":{"line":394,"column":11}},"394":{"start":{"line":395,"column":0},"end":{"line":395,"column":18}},"395":{"start":{"line":396,"column":0},"end":{"line":396,"column":29}},"396":{"start":{"line":397,"column":0},"end":{"line":397,"column":17}},"397":{"start":{"line":398,"column":0},"end":{"line":398,"column":9}},"399":{"start":{"line":400,"column":0},"end":{"line":400,"column":58}},"400":{"start":{"line":401,"column":0},"end":{"line":401,"column":41}},"401":{"start":{"line":402,"column":0},"end":{"line":402,"column":35}},"403":{"start":{"line":404,"column":0},"end":{"line":404,"column":35}},"404":{"start":{"line":405,"column":0},"end":{"line":405,"column":35}},"405":{"start":{"line":406,"column":0},"end":{"line":406,"column":9}},"406":{"start":{"line":407,"column":0},"end":{"line":407,"column":8}},"407":{"start":{"line":408,"column":0},"end":{"line":408,"column":16}},"408":{"start":{"line":409,"column":0},"end":{"line":409,"column":16}},"409":{"start":{"line":410,"column":0},"end":{"line":410,"column":24}},"410":{"start":{"line":411,"column":0},"end":{"line":411,"column":8}},"411":{"start":{"line":412,"column":0},"end":{"line":412,"column":7}},"412":{"start":{"line":413,"column":0},"end":{"line":413,"column":3}},"416":{"start":{"line":417,"column":0},"end":{"line":417,"column":21}},"417":{"start":{"line":418,"column":0},"end":{"line":418,"column":19}},"418":{"start":{"line":419,"column":0},"end":{"line":419,"column":17}},"419":{"start":{"line":420,"column":0},"end":{"line":420,"column":30}},"420":{"start":{"line":421,"column":0},"end":{"line":421,"column":27}},"421":{"start":{"line":422,"column":0},"end":{"line":422,"column":67}},"423":{"start":{"line":424,"column":0},"end":{"line":424,"column":9}},"424":{"start":{"line":425,"column":0},"end":{"line":425,"column":43}},"425":{"start":{"line":426,"column":0},"end":{"line":426,"column":42}},"426":{"start":{"line":427,"column":0},"end":{"line":427,"column":9}},"427":{"start":{"line":428,"column":0},"end":{"line":428,"column":17}},"428":{"start":{"line":429,"column":0},"end":{"line":429,"column":35}},"429":{"start":{"line":430,"column":0},"end":{"line":430,"column":66}},"430":{"start":{"line":431,"column":0},"end":{"line":431,"column":17}},"431":{"start":{"line":432,"column":0},"end":{"line":432,"column":10}},"432":{"start":{"line":433,"column":0},"end":{"line":433,"column":8}},"433":{"start":{"line":434,"column":0},"end":{"line":434,"column":14}},"435":{"start":{"line":436,"column":0},"end":{"line":436,"column":25}},"436":{"start":{"line":437,"column":0},"end":{"line":437,"column":71}},"437":{"start":{"line":438,"column":0},"end":{"line":438,"column":55}},"438":{"start":{"line":439,"column":0},"end":{"line":439,"column":74}},"439":{"start":{"line":440,"column":0},"end":{"line":440,"column":31}},"440":{"start":{"line":441,"column":0},"end":{"line":441,"column":9}},"441":{"start":{"line":442,"column":0},"end":{"line":442,"column":31}},"442":{"start":{"line":443,"column":0},"end":{"line":443,"column":60}},"443":{"start":{"line":444,"column":0},"end":{"line":444,"column":26}},"444":{"start":{"line":445,"column":0},"end":{"line":445,"column":10}},"445":{"start":{"line":446,"column":0},"end":{"line":446,"column":7}},"447":{"start":{"line":448,"column":0},"end":{"line":448,"column":36}},"448":{"start":{"line":449,"column":0},"end":{"line":449,"column":19}},"449":{"start":{"line":450,"column":0},"end":{"line":450,"column":14}},"450":{"start":{"line":451,"column":0},"end":{"line":451,"column":49}},"451":{"start":{"line":452,"column":0},"end":{"line":452,"column":29}},"452":{"start":{"line":453,"column":0},"end":{"line":453,"column":58}},"453":{"start":{"line":454,"column":0},"end":{"line":454,"column":8}},"454":{"start":{"line":455,"column":0},"end":{"line":455,"column":5}},"455":{"start":{"line":456,"column":0},"end":{"line":456,"column":3}},"459":{"start":{"line":460,"column":0},"end":{"line":460,"column":15}},"460":{"start":{"line":461,"column":0},"end":{"line":461,"column":17}},"461":{"start":{"line":462,"column":0},"end":{"line":462,"column":24}},"462":{"start":{"line":463,"column":0},"end":{"line":463,"column":21}},"463":{"start":{"line":464,"column":0},"end":{"line":464,"column":20}},"464":{"start":{"line":465,"column":0},"end":{"line":465,"column":39}},"465":{"start":{"line":466,"column":0},"end":{"line":466,"column":36}},"466":{"start":{"line":467,"column":0},"end":{"line":467,"column":16}},"467":{"start":{"line":468,"column":0},"end":{"line":468,"column":53}},"468":{"start":{"line":469,"column":0},"end":{"line":469,"column":44}},"469":{"start":{"line":470,"column":0},"end":{"line":470,"column":40}},"471":{"start":{"line":472,"column":0},"end":{"line":472,"column":56}},"473":{"start":{"line":474,"column":0},"end":{"line":474,"column":9}},"474":{"start":{"line":475,"column":0},"end":{"line":475,"column":43}},"475":{"start":{"line":476,"column":0},"end":{"line":476,"column":29}},"476":{"start":{"line":477,"column":0},"end":{"line":477,"column":9}},"477":{"start":{"line":478,"column":0},"end":{"line":478,"column":25}},"478":{"start":{"line":479,"column":0},"end":{"line":479,"column":20}},"479":{"start":{"line":480,"column":0},"end":{"line":480,"column":52}},"480":{"start":{"line":481,"column":0},"end":{"line":481,"column":62}},"481":{"start":{"line":482,"column":0},"end":{"line":482,"column":12}},"482":{"start":{"line":483,"column":0},"end":{"line":483,"column":25}},"483":{"start":{"line":484,"column":0},"end":{"line":484,"column":17}},"484":{"start":{"line":485,"column":0},"end":{"line":485,"column":10}},"485":{"start":{"line":486,"column":0},"end":{"line":486,"column":8}},"486":{"start":{"line":487,"column":0},"end":{"line":487,"column":14}},"488":{"start":{"line":489,"column":0},"end":{"line":489,"column":70}},"489":{"start":{"line":490,"column":0},"end":{"line":490,"column":27}},"490":{"start":{"line":491,"column":0},"end":{"line":491,"column":18}},"491":{"start":{"line":492,"column":0},"end":{"line":492,"column":19}},"492":{"start":{"line":493,"column":0},"end":{"line":493,"column":14}},"493":{"start":{"line":494,"column":0},"end":{"line":494,"column":49}},"494":{"start":{"line":495,"column":0},"end":{"line":495,"column":29}},"495":{"start":{"line":496,"column":0},"end":{"line":496,"column":58}},"496":{"start":{"line":497,"column":0},"end":{"line":497,"column":8}},"497":{"start":{"line":498,"column":0},"end":{"line":498,"column":5}},"498":{"start":{"line":499,"column":0},"end":{"line":499,"column":3}},"499":{"start":{"line":500,"column":0},"end":{"line":500,"column":1}}},"s":{"7":1,"13":1,"31":1,"35":31,"36":31,"37":31,"38":31,"39":31,"40":31,"41":31,"42":31,"43":31,"45":1,"46":14,"47":14,"48":13,"49":14,"50":14,"52":1,"53":12,"54":12,"55":12,"56":12,"57":12,"58":12,"59":12,"60":12,"61":12,"62":12,"66":1,"67":1,"69":10,"70":10,"71":10,"73":3,"74":3,"75":3,"76":2,"77":3,"78":3,"80":10,"81":10,"82":10,"86":1,"93":1,"99":62,"100":62,"101":62,"102":62,"103":62,"104":62,"105":62,"107":1,"108":47,"109":47,"110":47,"111":47,"112":47,"113":47,"115":1,"116":51,"117":51,"118":51,"119":51,"120":51,"121":1,"122":1,"123":1,"124":1,"125":51,"126":51,"128":1,"129":51,"130":51,"131":51,"132":51,"134":51,"135":0,"136":0,"138":51,"139":51,"140":51,"141":51,"142":51,"146":1,"147":10,"148":10,"149":10,"150":10,"151":10,"153":10,"154":15,"156":15,"157":15,"158":15,"159":15,"160":15,"161":15,"162":15,"163":15,"164":15,"165":15,"166":12,"168":12,"169":12,"171":15,"173":15,"174":3,"175":3,"176":1,"177":1,"178":1,"179":3,"180":3,"181":3,"183":3,"184":14,"185":6,"186":6,"187":3,"188":6,"189":2,"190":2,"191":2,"192":1,"193":1,"194":15,"196":0,"197":10,"201":1,"202":10,"203":10,"204":10,"205":10,"206":10,"208":10,"209":15,"211":15,"212":15,"213":15,"214":15,"215":15,"216":15,"217":15,"218":15,"219":15,"220":15,"221":13,"223":15,"224":5,"225":5,"228":8,"229":8,"230":5,"231":15,"232":4,"233":4,"234":2,"235":2,"236":2,"237":4,"238":4,"239":4,"242":4,"243":4,"244":4,"245":14,"246":1,"247":1,"248":1,"249":1,"250":1,"251":3,"252":14,"253":6,"254":6,"255":2,"256":6,"257":1,"258":1,"259":1,"260":1,"261":1,"262":15,"264":0,"265":10,"269":1,"270":6,"271":6,"272":6,"273":6,"274":6,"276":6,"277":6,"278":6,"279":6,"280":6,"281":6,"282":6,"283":6,"284":6,"285":1,"286":1,"287":6,"289":6,"290":2,"291":2,"292":2,"293":2,"294":1,"295":1,"296":1,"297":1,"298":1,"299":1,"300":1,"301":1,"303":6,"304":1,"305":1,"306":1,"309":2,"310":2,"311":2,"313":2,"314":2,"315":3,"316":3,"318":1,"319":0,"320":0,"321":0,"322":1,"323":1,"324":1,"325":1,"327":2,"328":2,"329":3,"331":3,"332":3,"333":3,"334":3,"335":2,"336":0,"337":0,"338":0,"339":2,"340":6,"344":1,"345":6,"346":6,"347":6,"348":6,"349":6,"351":6,"352":6,"353":6,"354":6,"355":6,"356":6,"357":6,"358":6,"359":6,"360":1,"361":1,"362":6,"364":6,"365":2,"366":2,"367":2,"368":1,"369":1,"370":1,"371":1,"372":1,"373":1,"374":1,"375":1,"377":6,"378":1,"379":1,"380":1,"382":2,"383":2,"384":2,"386":2,"387":2,"388":3,"389":3,"390":1,"391":0,"392":0,"393":0,"394":1,"395":1,"396":1,"397":1,"399":2,"400":2,"401":3,"403":3,"404":2,"405":2,"406":3,"407":2,"408":0,"409":0,"410":0,"411":2,"412":6,"416":1,"417":5,"418":5,"419":5,"420":5,"421":5,"423":5,"424":5,"425":5,"426":5,"427":5,"428":5,"429":5,"430":5,"431":5,"432":5,"433":4,"435":5,"436":2,"437":2,"438":1,"439":1,"440":1,"441":1,"442":1,"443":1,"444":1,"445":1,"447":2,"448":5,"449":3,"450":3,"451":1,"452":1,"453":1,"454":1,"455":5,"459":1,"460":4,"461":4,"462":4,"463":4,"464":4,"465":4,"466":4,"467":4,"468":4,"469":4,"471":4,"473":4,"474":4,"475":4,"476":4,"477":4,"478":4,"479":4,"480":4,"481":4,"482":4,"483":4,"484":4,"485":4,"486":3,"488":3,"489":3,"490":3,"491":3,"492":2,"493":2,"494":1,"495":1,"496":1,"497":1,"498":4,"499":1},"branchMap":{"0":{"type":"branch","line":32,"loc":{"start":{"line":32,"column":7},"end":{"line":44,"column":1}},"locations":[{"start":{"line":32,"column":7},"end":{"line":44,"column":1}}]},"1":{"type":"branch","line":37,"loc":{"start":{"line":37,"column":21},"end":{"line":37,"column":52}},"locations":[{"start":{"line":37,"column":21},"end":{"line":37,"column":52}}]},"2":{"type":"branch","line":38,"loc":{"start":{"line":38,"column":27},"end":{"line":38,"column":43}},"locations":[{"start":{"line":38,"column":27},"end":{"line":38,"column":43}}]},"3":{"type":"branch","line":39,"loc":{"start":{"line":39,"column":26},"end":{"line":39,"column":42}},"locations":[{"start":{"line":39,"column":26},"end":{"line":39,"column":42}}]},"4":{"type":"branch","line":41,"loc":{"start":{"line":41,"column":9},"end":{"line":41,"column":67}},"locations":[{"start":{"line":41,"column":9},"end":{"line":41,"column":67}}]},"5":{"type":"branch","line":41,"loc":{"start":{"line":41,"column":55},"end":{"line":41,"column":70}},"locations":[{"start":{"line":41,"column":55},"end":{"line":41,"column":70}}]},"6":{"type":"branch","line":46,"loc":{"start":{"line":46,"column":7},"end":{"line":51,"column":1}},"locations":[{"start":{"line":46,"column":7},"end":{"line":51,"column":1}}]},"7":{"type":"branch","line":48,"loc":{"start":{"line":48,"column":18},"end":{"line":48,"column":25}},"locations":[{"start":{"line":48,"column":18},"end":{"line":48,"column":25}}]},"8":{"type":"branch","line":48,"loc":{"start":{"line":48,"column":18},"end":{"line":49,"column":51}},"locations":[{"start":{"line":48,"column":18},"end":{"line":49,"column":51}}]},"9":{"type":"branch","line":48,"loc":{"start":{"line":48,"column":18},"end":{"line":49,"column":38}},"locations":[{"start":{"line":48,"column":18},"end":{"line":49,"column":38}}]},"10":{"type":"branch","line":49,"loc":{"start":{"line":49,"column":33},"end":{"line":49,"column":51}},"locations":[{"start":{"line":49,"column":33},"end":{"line":49,"column":51}}]},"11":{"type":"branch","line":53,"loc":{"start":{"line":53,"column":7},"end":{"line":63,"column":1}},"locations":[{"start":{"line":53,"column":7},"end":{"line":63,"column":1}}]},"12":{"type":"branch","line":57,"loc":{"start":{"line":57,"column":22},"end":{"line":57,"column":62}},"locations":[{"start":{"line":57,"column":22},"end":{"line":57,"column":62}}]},"13":{"type":"branch","line":58,"loc":{"start":{"line":58,"column":33},"end":{"line":58,"column":52}},"locations":[{"start":{"line":58,"column":33},"end":{"line":58,"column":52}}]},"14":{"type":"branch","line":59,"loc":{"start":{"line":59,"column":31},"end":{"line":59,"column":57}},"locations":[{"start":{"line":59,"column":31},"end":{"line":59,"column":57}}]},"15":{"type":"branch","line":60,"loc":{"start":{"line":60,"column":32},"end":{"line":60,"column":48}},"locations":[{"start":{"line":60,"column":32},"end":{"line":60,"column":48}}]},"16":{"type":"branch","line":61,"loc":{"start":{"line":61,"column":48},"end":{"line":61,"column":66}},"locations":[{"start":{"line":61,"column":48},"end":{"line":61,"column":66}}]},"17":{"type":"branch","line":70,"loc":{"start":{"line":70,"column":0},"end":{"line":72,"column":1}},"locations":[{"start":{"line":70,"column":0},"end":{"line":72,"column":1}}]},"18":{"type":"branch","line":74,"loc":{"start":{"line":74,"column":0},"end":{"line":79,"column":1}},"locations":[{"start":{"line":74,"column":0},"end":{"line":79,"column":1}}]},"19":{"type":"branch","line":76,"loc":{"start":{"line":76,"column":21},"end":{"line":76,"column":33}},"locations":[{"start":{"line":76,"column":21},"end":{"line":76,"column":33}}]},"20":{"type":"branch","line":76,"loc":{"start":{"line":76,"column":28},"end":{"line":78,"column":25}},"locations":[{"start":{"line":76,"column":28},"end":{"line":78,"column":25}}]},"21":{"type":"branch","line":78,"loc":{"start":{"line":78,"column":21},"end":{"line":78,"column":32}},"locations":[{"start":{"line":78,"column":21},"end":{"line":78,"column":32}}]},"22":{"type":"branch","line":78,"loc":{"start":{"line":78,"column":25},"end":{"line":78,"column":39}},"locations":[{"start":{"line":78,"column":25},"end":{"line":78,"column":39}}]},"23":{"type":"branch","line":81,"loc":{"start":{"line":81,"column":0},"end":{"line":83,"column":1}},"locations":[{"start":{"line":81,"column":0},"end":{"line":83,"column":1}}]},"24":{"type":"branch","line":82,"loc":{"start":{"line":82,"column":21},"end":{"line":82,"column":57}},"locations":[{"start":{"line":82,"column":21},"end":{"line":82,"column":57}}]},"25":{"type":"branch","line":94,"loc":{"start":{"line":94,"column":2},"end":{"line":106,"column":3}},"locations":[{"start":{"line":94,"column":2},"end":{"line":106,"column":3}}]},"26":{"type":"branch","line":105,"loc":{"start":{"line":105,"column":25},"end":{"line":105,"column":51}},"locations":[{"start":{"line":105,"column":25},"end":{"line":105,"column":51}}]},"27":{"type":"branch","line":108,"loc":{"start":{"line":108,"column":10},"end":{"line":114,"column":3}},"locations":[{"start":{"line":108,"column":10},"end":{"line":114,"column":3}}]},"28":{"type":"branch","line":116,"loc":{"start":{"line":116,"column":10},"end":{"line":127,"column":3}},"locations":[{"start":{"line":116,"column":10},"end":{"line":127,"column":3}}]},"29":{"type":"branch","line":121,"loc":{"start":{"line":121,"column":16},"end":{"line":125,"column":5}},"locations":[{"start":{"line":121,"column":16},"end":{"line":125,"column":5}}]},"30":{"type":"branch","line":129,"loc":{"start":{"line":129,"column":10},"end":{"line":143,"column":3}},"locations":[{"start":{"line":129,"column":10},"end":{"line":143,"column":3}}]},"31":{"type":"branch","line":135,"loc":{"start":{"line":135,"column":24},"end":{"line":137,"column":5}},"locations":[{"start":{"line":135,"column":24},"end":{"line":137,"column":5}}]},"32":{"type":"branch","line":141,"loc":{"start":{"line":141,"column":13},"end":{"line":141,"column":39}},"locations":[{"start":{"line":141,"column":13},"end":{"line":141,"column":39}}]},"33":{"type":"branch","line":147,"loc":{"start":{"line":147,"column":2},"end":{"line":198,"column":3}},"locations":[{"start":{"line":147,"column":2},"end":{"line":198,"column":3}}]},"34":{"type":"branch","line":154,"loc":{"start":{"line":154,"column":65},"end":{"line":195,"column":5}},"locations":[{"start":{"line":154,"column":65},"end":{"line":195,"column":5}}]},"35":{"type":"branch","line":163,"loc":{"start":{"line":163,"column":23},"end":{"line":163,"column":58}},"locations":[{"start":{"line":163,"column":23},"end":{"line":163,"column":58}}]},"36":{"type":"branch","line":163,"loc":{"start":{"line":163,"column":54},"end":{"line":163,"column":68}},"locations":[{"start":{"line":163,"column":54},"end":{"line":163,"column":68}}]},"37":{"type":"branch","line":166,"loc":{"start":{"line":166,"column":8},"end":{"line":172,"column":31}},"locations":[{"start":{"line":166,"column":8},"end":{"line":172,"column":31}}]},"38":{"type":"branch","line":172,"loc":{"start":{"line":172,"column":24},"end":{"line":172,"column":36}},"locations":[{"start":{"line":172,"column":24},"end":{"line":172,"column":36}}]},"39":{"type":"branch","line":172,"loc":{"start":{"line":172,"column":31},"end":{"line":174,"column":68}},"locations":[{"start":{"line":172,"column":31},"end":{"line":174,"column":68}}]},"40":{"type":"branch","line":172,"loc":{"start":{"line":172,"column":31},"end":{"line":174,"column":41}},"locations":[{"start":{"line":172,"column":31},"end":{"line":174,"column":41}}]},"41":{"type":"branch","line":174,"loc":{"start":{"line":174,"column":36},"end":{"line":174,"column":68}},"locations":[{"start":{"line":174,"column":36},"end":{"line":174,"column":68}}]},"42":{"type":"branch","line":174,"loc":{"start":{"line":174,"column":68},"end":{"line":194,"column":7}},"locations":[{"start":{"line":174,"column":68},"end":{"line":194,"column":7}}]},"43":{"type":"branch","line":174,"loc":{"start":{"line":174,"column":68},"end":{"line":185,"column":15}},"locations":[{"start":{"line":174,"column":68},"end":{"line":185,"column":15}}]},"44":{"type":"branch","line":176,"loc":{"start":{"line":176,"column":29},"end":{"line":179,"column":11}},"locations":[{"start":{"line":176,"column":29},"end":{"line":179,"column":11}}]},"45":{"type":"branch","line":185,"loc":{"start":{"line":185,"column":6},"end":{"line":194,"column":7}},"locations":[{"start":{"line":185,"column":6},"end":{"line":194,"column":7}}]},"46":{"type":"branch","line":187,"loc":{"start":{"line":187,"column":41},"end":{"line":189,"column":39}},"locations":[{"start":{"line":187,"column":41},"end":{"line":189,"column":39}}]},"47":{"type":"branch","line":189,"loc":{"start":{"line":189,"column":39},"end":{"line":192,"column":9}},"locations":[{"start":{"line":189,"column":39},"end":{"line":192,"column":9}}]},"48":{"type":"branch","line":192,"loc":{"start":{"line":192,"column":8},"end":{"line":194,"column":7}},"locations":[{"start":{"line":192,"column":8},"end":{"line":194,"column":7}}]},"49":{"type":"branch","line":195,"loc":{"start":{"line":195,"column":4},"end":{"line":197,"column":64}},"locations":[{"start":{"line":195,"column":4},"end":{"line":197,"column":64}}]},"50":{"type":"branch","line":202,"loc":{"start":{"line":202,"column":2},"end":{"line":266,"column":3}},"locations":[{"start":{"line":202,"column":2},"end":{"line":266,"column":3}}]},"51":{"type":"branch","line":209,"loc":{"start":{"line":209,"column":65},"end":{"line":263,"column":5}},"locations":[{"start":{"line":209,"column":65},"end":{"line":263,"column":5}}]},"52":{"type":"branch","line":218,"loc":{"start":{"line":218,"column":23},"end":{"line":218,"column":58}},"locations":[{"start":{"line":218,"column":23},"end":{"line":218,"column":58}}]},"53":{"type":"branch","line":218,"loc":{"start":{"line":218,"column":54},"end":{"line":218,"column":68}},"locations":[{"start":{"line":218,"column":54},"end":{"line":218,"column":68}}]},"54":{"type":"branch","line":221,"loc":{"start":{"line":221,"column":8},"end":{"line":224,"column":37}},"locations":[{"start":{"line":221,"column":8},"end":{"line":224,"column":37}}]},"55":{"type":"branch","line":224,"loc":{"start":{"line":224,"column":37},"end":{"line":226,"column":9}},"locations":[{"start":{"line":224,"column":37},"end":{"line":226,"column":9}}]},"56":{"type":"branch","line":226,"loc":{"start":{"line":226,"column":8},"end":{"line":231,"column":35}},"locations":[{"start":{"line":226,"column":8},"end":{"line":231,"column":35}}]},"57":{"type":"branch","line":226,"loc":{"start":{"line":226,"column":8},"end":{"line":230,"column":60}},"locations":[{"start":{"line":226,"column":8},"end":{"line":230,"column":60}}]},"58":{"type":"branch","line":230,"loc":{"start":{"line":230,"column":56},"end":{"line":231,"column":35}},"locations":[{"start":{"line":230,"column":56},"end":{"line":231,"column":35}}]},"59":{"type":"branch","line":232,"loc":{"start":{"line":232,"column":10},"end":{"line":262,"column":7}},"locations":[{"start":{"line":232,"column":10},"end":{"line":262,"column":7}}]},"60":{"type":"branch","line":232,"loc":{"start":{"line":232,"column":10},"end":{"line":245,"column":68}},"locations":[{"start":{"line":232,"column":10},"end":{"line":245,"column":68}}]},"61":{"type":"branch","line":234,"loc":{"start":{"line":234,"column":39},"end":{"line":237,"column":11}},"locations":[{"start":{"line":234,"column":39},"end":{"line":237,"column":11}}]},"62":{"type":"branch","line":236,"loc":{"start":{"line":236,"column":28},"end":{"line":236,"column":46}},"locations":[{"start":{"line":236,"column":28},"end":{"line":236,"column":46}}]},"63":{"type":"branch","line":245,"loc":{"start":{"line":245,"column":38},"end":{"line":246,"column":16}},"locations":[{"start":{"line":245,"column":38},"end":{"line":246,"column":16}}]},"64":{"type":"branch","line":246,"loc":{"start":{"line":246,"column":8},"end":{"line":251,"column":9}},"locations":[{"start":{"line":246,"column":8},"end":{"line":251,"column":9}}]},"65":{"type":"branch","line":251,"loc":{"start":{"line":251,"column":8},"end":{"line":253,"column":15}},"locations":[{"start":{"line":251,"column":8},"end":{"line":253,"column":15}}]},"66":{"type":"branch","line":253,"loc":{"start":{"line":253,"column":6},"end":{"line":262,"column":7}},"locations":[{"start":{"line":253,"column":6},"end":{"line":262,"column":7}}]},"67":{"type":"branch","line":255,"loc":{"start":{"line":255,"column":41},"end":{"line":255,"column":51}},"locations":[{"start":{"line":255,"column":41},"end":{"line":255,"column":51}}]},"68":{"type":"branch","line":255,"loc":{"start":{"line":255,"column":47},"end":{"line":257
[...]
":203,"column":35}},"locations":[{"start":{"line":203,"column":21},"end":{"line":203,"column":35}}]},"22":{"type":"branch","line":232,"loc":{"start":{"line":232,"column":2},"end":{"line":260,"column":3}},"locations":[{"start":{"line":232,"column":2},"end":{"line":260,"column":3}}]},"23":{"type":"branch","line":282,"loc":{"start":{"line":282,"column":2},"end":{"line":312,"column":3}},"locations":[{"start":{"line":282,"column":2},"end":{"line":312,"column":3}}]},"24":{"type":"branch","line":298,"loc":{"start":{"line":298,"column":18},"end":{"line":298,"column":47}},"locations":[{"start":{"line":298,"column":18},"end":{"line":298,"column":47}}]},"25":{"type":"branch","line":330,"loc":{"start":{"line":330,"column":2},"end":{"line":352,"column":3}},"locations":[{"start":{"line":330,"column":2},"end":{"line":352,"column":3}}]},"26":{"type":"branch","line":342,"loc":{"start":{"line":342,"column":18},"end":{"line":342,"column":36}},"locations":[{"start":{"line":342,"column":18},"end":{"line":342,"column":36}}]}},"b":{"0":[8],"1":[6],"2":[6],"3":[6],"4":[1],"5":[1],"6":[2],"7":[2],"8":[2],"9":[10],"10":[1],"11":[8],"12":[0],"13":[0],"14":[0],"15":[0],"16":[0],"17":[0],"18":[3],"19":[2],"20":[2],"21":[2],"22":[1],"23":[2],"24":[1],"25":[2],"26":[1]},"fnMap":{"0":{"name":"buildRequestBody","decl":{"start":{"line":46,"column":0},"end":{"line":74,"column":1}},"loc":{"start":{"line":46,"column":0},"end":{"line":74,"column":1}},"line":46},"1":{"name":"create","decl":{"start":{"line":100,"column":2},"end":{"line":106,"column":3}},"loc":{"start":{"line":100,"column":2},"end":{"line":106,"column":3}},"line":100},"2":{"name":"query","decl":{"start":{"line":117,"column":2},"end":{"line":121,"column":3}},"loc":{"start":{"line":117,"column":2},"end":{"line":121,"column":3}},"line":117},"3":{"name":"_generate","decl":{"start":{"line":125,"column":2},"end":{"line":163,"column":3}},"loc":{"start":{"line":125,"column":2},"end":{"line":163,"column":3}},"line":125},"4":{"name":"textToVideo","decl":{"start":{"line":185,"column":2},"end":{"line":211,"column":3}},"loc":{"start":{"line":185,"column":2},"end":{"line":211,"column":3}},"line":185},"5":{"name":"imageToVideo","decl":{"start":{"line":232,"column":2},"end":{"line":260,"column":3}},"loc":{"start":{"line":232,"column":2},"end":{"line":260,"column":3}},"line":232},"6":{"name":"framesToVideo","decl":{"start":{"line":282,"column":2},"end":{"line":312,"column":3}},"loc":{"start":{"line":282,"column":2},"end":{"line":312,"column":3}},"line":282},"7":{"name":"subjectToVideo","decl":{"start":{"line":330,"column":2},"end":{"line":352,"column":3}},"loc":{"start":{"line":330,"column":2},"end":{"line":352,"column":3}},"line":330}},"f":{"0":8,"1":10,"2":1,"3":8,"4":3,"5":1,"6":2,"7":2}}
,"/Users/zienmacmini/Projects/minimax-sdk/typescript/src/resources/voice.ts": {"path":"/Users/zienmacmini/Projects/minimax-sdk/typescript/src/resources/voice.ts","all":false,"statementMap":{"6":{"start":{"line":7,"column":0},"end":{"line":7,"column":45}},"7":{"start":{"line":8,"column":0},"end":{"line":8,"column":8}},"47":{"start":{"line":48,"column":0},"end":{"line":48,"column":31}},"56":{"start":{"line":57,"column":0},"end":{"line":57,"column":29}},"57":{"start":{"line":58,"column":0},"end":{"line":58,"column":41}},"58":{"start":{"line":59,"column":0},"end":{"line":59,"column":34}},"59":{"start":{"line":60,"column":0},"end":{"line":60,"column":28}},"60":{"start":{"line":61,"column":0},"end":{"line":61,"column":52}},"61":{"start":{"line":62,"column":0},"end":{"line":62,"column":62}},"62":{"start":{"line":63,"column":0},"end":{"line":63,"column":4}},"63":{"start":{"line":64,"column":0},"end":{"line":64,"column":77}},"64":{"start":{"line":65,"column":0},"end":{"line":65,"column":53}},"65":{"start":{"line":66,"column":0},"end":{"line":66,"column":56}},"66":{"start":{"line":67,"column":0},"end":{"line":67,"column":83}},"67":{"start":{"line":68,"column":0},"end":{"line":68,"column":14}},"68":{"start":{"line":69,"column":0},"end":{"line":69,"column":1}},"70":{"start":{"line":71,"column":0},"end":{"line":71,"column":26}},"71":{"start":{"line":72,"column":0},"end":{"line":72,"column":32}},"72":{"start":{"line":73,"column":0},"end":{"line":73,"column":18}},"73":{"start":{"line":74,"column":0},"end":{"line":74,"column":21}},"74":{"start":{"line":75,"column":0},"end":{"line":75,"column":61}},"76":{"start":{"line":77,"column":0},"end":{"line":77,"column":10}},"77":{"start":{"line":78,"column":0},"end":{"line":78,"column":22}},"78":{"start":{"line":79,"column":0},"end":{"line":79,"column":37}},"79":{"start":{"line":80,"column":0},"end":{"line":80,"column":50}},"80":{"start":{"line":81,"column":0},"end":{"line":81,"column":4}},"81":{"start":{"line":82,"column":0},"end":{"line":82,"column":1}},"83":{"start":{"line":84,"column":0},"end":{"line":84,"column":27}},"84":{"start":{"line":85,"column":0},"end":{"line":85,"column":32}},"85":{"start":{"line":86,"column":0},"end":{"line":86,"column":22}},"86":{"start":{"line":87,"column":0},"end":{"line":87,"column":36}},"87":{"start":{"line":88,"column":0},"end":{"line":88,"column":46}},"89":{"start":{"line":90,"column":0},"end":{"line":90,"column":17}},"90":{"start":{"line":91,"column":0},"end":{"line":91,"column":39}},"92":{"start":{"line":93,"column":0},"end":{"line":93,"column":50}},"93":{"start":{"line":94,"column":0},"end":{"line":94,"column":38}},"94":{"start":{"line":95,"column":0},"end":{"line":95,"column":25}},"95":{"start":{"line":96,"column":0},"end":{"line":96,"column":32}},"96":{"start":{"line":97,"column":0},"end":{"line":97,"column":9}},"97":{"start":{"line":98,"column":0},"end":{"line":98,"column":12}},"99":{"start":{"line":100,"column":0},"end":{"line":100,"column":75}},"100":{"start":{"line":101,"column":0},"end":{"line":101,"column":5}},"101":{"start":{"line":102,"column":0},"end":{"line":102,"column":3}},"103":{"start":{"line":104,"column":0},"end":{"line":104,"column":10}},"104":{"start":{"line":105,"column":0},"end":{"line":105,"column":36}},"105":{"start":{"line":106,"column":0},"end":{"line":106,"column":28}},"106":{"start":{"line":107,"column":0},"end":{"line":107,"column":4}},"107":{"start":{"line":108,"column":0},"end":{"line":108,"column":1}},"109":{"start":{"line":110,"column":0},"end":{"line":110,"column":67}},"110":{"start":{"line":111,"column":0},"end":{"line":111,"column":77}},"111":{"start":{"line":112,"column":0},"end":{"line":112,"column":79}},"112":{"start":{"line":113,"column":0},"end":{"line":113,"column":85}},"114":{"start":{"line":115,"column":0},"end":{"line":115,"column":10}},"115":{"start":{"line":116,"column":0},"end":{"line":116,"column":50}},"116":{"start":{"line":117,"column":0},"end":{"line":117,"column":52}},"117":{"start":{"line":118,"column":0},"end":{"line":118,"column":58}},"118":{"start":{"line":119,"column":0},"end":{"line":119,"column":4}},"119":{"start":{"line":120,"column":0},"end":{"line":120,"column":1}},"121":{"start":{"line":122,"column":0},"end":{"line":122,"column":64}},"122":{"start":{"line":123,"column":0},"end":{"line":123,"column":10}},"123":{"start":{"line":124,"column":0},"end":{"line":124,"column":39}},"124":{"start":{"line":125,"column":0},"end":{"line":125,"column":72}},"125":{"start":{"line":126,"column":0},"end":{"line":126,"column":51}},"126":{"start":{"line":127,"column":0},"end":{"line":127,"column":78}},"127":{"start":{"line":128,"column":0},"end":{"line":128,"column":4}},"128":{"start":{"line":129,"column":0},"end":{"line":129,"column":1}},"135":{"start":{"line":136,"column":0},"end":{"line":136,"column":40}},"147":{"start":{"line":148,"column":0},"end":{"line":148,"column":20}},"148":{"start":{"line":149,"column":0},"end":{"line":149,"column":33}},"149":{"start":{"line":150,"column":0},"end":{"line":150,"column":36}},"150":{"start":{"line":151,"column":0},"end":{"line":151,"column":24}},"151":{"start":{"line":152,"column":0},"end":{"line":152,"column":52}},"152":{"start":{"line":153,"column":0},"end":{"line":153,"column":3}},"174":{"start":{"line":175,"column":0},"end":{"line":175,"column":14}},"175":{"start":{"line":176,"column":0},"end":{"line":176,"column":19}},"176":{"start":{"line":177,"column":0},"end":{"line":177,"column":20}},"177":{"start":{"line":178,"column":0},"end":{"line":178,"column":11}},"184":{"start":{"line":185,"column":0},"end":{"line":185,"column":11}},"185":{"start":{"line":186,"column":0},"end":{"line":186,"column":32}},"186":{"start":{"line":187,"column":0},"end":{"line":187,"column":33}},"187":{"start":{"line":188,"column":0},"end":{"line":188,"column":22}},"188":{"start":{"line":189,"column":0},"end":{"line":189,"column":24}},"189":{"start":{"line":190,"column":0},"end":{"line":190,"column":37}},"190":{"start":{"line":191,"column":0},"end":{"line":191,"column":22}},"191":{"start":{"line":192,"column":0},"end":{"line":192,"column":24}},"192":{"start":{"line":193,"column":0},"end":{"line":193,"column":41}},"193":{"start":{"line":194,"column":0},"end":{"line":194,"column":61}},"194":{"start":{"line":195,"column":0},"end":{"line":195,"column":71}},"195":{"start":{"line":196,"column":0},"end":{"line":196,"column":7}},"196":{"start":{"line":197,"column":0},"end":{"line":197,"column":72}},"197":{"start":{"line":198,"column":0},"end":{"line":198,"column":17}},"198":{"start":{"line":199,"column":0},"end":{"line":199,"column":7}},"199":{"start":{"line":200,"column":0},"end":{"line":200,"column":43}},"200":{"start":{"line":201,"column":0},"end":{"line":201,"column":3}},"214":{"start":{"line":215,"column":0},"end":{"line":215,"column":15}},"215":{"start":{"line":216,"column":0},"end":{"line":216,"column":19}},"216":{"start":{"line":217,"column":0},"end":{"line":217,"column":24}},"217":{"start":{"line":218,"column":0},"end":{"line":218,"column":11}},"219":{"start":{"line":220,"column":0},"end":{"line":220,"column":11}},"220":{"start":{"line":221,"column":0},"end":{"line":221,"column":33}},"221":{"start":{"line":222,"column":0},"end":{"line":222,"column":43}},"222":{"start":{"line":223,"column":0},"end":{"line":223,"column":13}},"223":{"start":{"line":224,"column":0},"end":{"line":224,"column":32}},"224":{"start":{"line":225,"column":0},"end":{"line":225,"column":6}},"225":{"start":{"line":226,"column":0},"end":{"line":226,"column":65}},"227":{"start":{"line":228,"column":0},"end":{"line":228,"column":73}},"228":{"start":{"line":229,"column":0},"end":{"line":229,"column":17}},"229":{"start":{"line":230,"column":0},"end":{"line":230,"column":7}},"230":{"start":{"line":231,"column":0},"end":{"line":231,"column":35}},"231":{"start":{"line":232,"column":0},"end":{"line":232,"column":3}},"241":{"start":{"line":242,"column":0},"end":{"line":242,"column":61}},"242":{"start":{"line":243,"column":0},"end":{"line":243,"column":70}},"243":{"start":{"line":244,"column":0},"end":{"line":244,"column":38}},"244":{"start":{"line":245,"column":0},"end":{"line":245,"column":7}},"245":{"start":{"line":246,"column":0},"end":{"line":246,"column":32}},"246":{"start":{"line":247,"column":0},"end":{"line":247,"column":3}},"255":{"start":{"line":256,"column":0},"end":{"line":256,"column":67}},"256":{"start":{"line":257,"column":0},"end":{"line":257,"column":60}},"257":{"start":{"line":258,"column":0},"end":{"line":258,"column":57}},"258":{"start":{"line":259,"column":0},"end":{"line":259,"column":7}},"259":{"start":{"line":260,"column":0},"end":{"line":260,"column":3}},"260":{"start":{"line":261,"column":0},"end":{"line":261,"column":1}}},"s":{"6":1,"7":1,"47":7,"56":7,"57":7,"58":7,"59":7,"60":7,"61":7,"62":7,"63":7,"64":7,"65":7,"66":7,"67":7,"68":7,"70":7,"71":7,"72":7,"73":7,"74":7,"76":7,"77":7,"78":7,"79":7,"80":7,"81":7,"83":5,"84":5,"85":5,"86":5,"87":5,"89":5,"90":2,"92":1,"93":1,"94":1,"95":1,"96":1,"97":1,"99":1,"100":1,"101":2,"103":5,"104":5,"105":5,"106":5,"107":5,"109":4,"110":4,"111":4,"112":4,"114":4,"115":4,"116":4,"117":4,"118":4,"119":4,"121":4,"122":4,"123":4,"124":4,"125":4,"126":4,"127":4,"128":4,"135":1,"147":1,"148":2,"149":2,"150":2,"151":2,"152":2,"174":1,"175":7,"176":7,"177":7,"184":7,"185":7,"186":7,"187":7,"188":7,"189":7,"190":7,"191":7,"192":7,"193":7,"194":7,"195":7,"196":7,"197":7,"198":7,"199":7,"200":7,"214":1,"215":5,"216":5,"217":5,"219":5,"220":5,"221":5,"222":5,"223":5,"224":5,"225":5,"227":5,"228":5,"229":5,"230":5,"231":5,"241":1,"242":4,"243":4,"244":4,"245":4,"246":4,"255":1,"256":2,"257":2,"258":2,"259":2,"260":1},"branchMap":{"0":{"type":"branch","line":48,"loc":{"start":{"line":48,"column":0},"end":{"line":69,"column":1}},"locations":[{"start":{"line":48,"column":0},"end":{"line":69,"column":1}}]},"1":{"type":"branch","line":64,"loc":{"start":{"line":64,"column":39},"end":{"line":64,"column":77}},"locations":[{"start":{"line":64,"column":39},"end":{"line":64,"column":77}}]},"2":{"type":"branch","line":65,"loc":{"start":{"line":65,"column":31},"end":{"line":65,"column":53}},"locations":[{"start":{"line":65,"column":31},"end":{"line":65,"column":53}}]},"3":{"type":"branch","line":66,"loc":{"start":{"line":66,"column":32},"end":{"line":66,"column":56}},"locations":[{"start":{"line":66,"column":32},"end":{"line":66,"column":56}}]},"4":{"type":"branch","line":67,"loc":{"start":{"line":67,"column":41},"end":{"line":67,"column":83}},"locations":[{"start":{"line":67,"column":41},"end":{"line":67,"column":83}}]},"5":{"type":"branch","line":71,"loc":{"start":{"line":71,"column":0},"end":{"line":82,"column":1}},"locations":[{"start":{"line":71,"column":0},"end":{"line":82,"column":1}}]},"6":{"type":"branch","line":79,"loc":{"start":{"line":79,"column":16},"end":{"line":79,"column":37}},"locations":[{"start":{"line":79,"column":16},"end":{"line":79,"column":37}}]},"7":{"type":"branch","line":80,"loc":{"start":{"line":80,"column":26},"end":{"line":80,"column":50}},"locations":[{"start":{"line":80,"column":26},"end":{"line":80,"column":50}}]},"8":{"type":"branch","line":84,"loc":{"start":{"line":84,"column":0},"end":{"line":108,"column":1}},"locations":[{"start":{"line":84,"column":0},"end":{"line":108,"column":1}}]},"9":{"type":"branch","line":90,"loc":{"start":{"line":90,"column":16},"end":{"line":102,"column":3}},"locations":[{"start":{"line":90,"column":16},"end":{"line":102,"column":3}}]},"10":{"type":"branch","line":91,"loc":{"start":{"line":91,"column":38},"end":{"line":101,"column":5}},"locations":[{"start":{"line":91,"column":38},"end":{"line":101,"column":5}}]},"11":{"type":"branch","line":110,"loc":{"start":{"line":110,"column":0},"end":{"line":120,"column":1}},"locations":[{"start":{"line":110,"column":0},"end":{"line":120,"column":1}}]},"12":{"type":"branch","line":111,"loc":{"start":{"line":111,"column":28},"end":{"line":111,"column":77}},"locations":[{"start":{"line":111,"column":28},"end":{"line":111,"column":77}}]},"13":{"type":"branch","line":112,"loc":{"start":{"line":112,"column":29},"end":{"line":112,"column":79}},"locations":[{"start":{"line":112,"column":29},"end":{"line":112,"column":79}}]},"14":{"type":"branch","line":113,"loc":{"start":{"line":113,"column":32},"end":{"line":113,"column":85}},"locations":[{"start":{"line":113,"column":32},"end":{"line":113,"column":85}}]},"15":{"type":"branch","line":122,"loc":{"start":{"line":122,"column":0},"end":{"line":129,"column":1}},"locations":[{"start":{"line":122,"column":0},"end":{"line":129,"column":1}}]},"16":{"type":"branch","line":124,"loc":{"start":{"line":124,"column":23},"end":{"line":124,"column":37}},"locations":[{"start":{"line":124,"column":23},"end":{"line":124,"column":37}}]},"17":{"type":"branch","line":125,"loc":{"start":{"line":125,"column":32},"end":{"line":125,"column":62}},"locations":[{"start":{"line":125,"column":32},"end":{"line":125,"column":62}}]},"18":{"type":"branch","line":125,"loc":{"start":{"line":125,"column":58},"end":{"line":125,"column":72}},"locations":[{"start":{"line":125,"column":58},"end":{"line":125,"column":72}}]},"19":{"type":"branch","line":126,"loc":{"start":{"line":126,"column":20},"end":{"line":126,"column":51}},"locations":[{"start":{"line":126,"column":20},"end":{"line":126,"column":51}}]},"20":{"type":"branch","line":127,"loc":{"start":{"line":127,"column":36},"end":{"line":127,"column":68}},"locations":[{"start":{"line":127,"column":36},"end":{"line":127,"column":68}}]},"21":{"type":"branch","line":127,"loc":{"start":{"line":127,"column":64},"end":{"line":127,"column":78}},"locations":[{"start":{"line":127,"column":64},"end":{"line":127,"column":78}}]},"22":{"type":"branch","line":148,"loc":{"start":{"line":148,"column":2},"end":{"line":153,"column":3}},"locations":[{"start":{"line":148,"column":2},"end":{"line":153,"column":3}}]},"23":{"type":"branch","line":175,"loc":{"start":{"line":175,"column":2},"end":{"line":201,"column":3}},"locations":[{"start":{"line":175,"column":2},"end":{"line":201,"column":3}}]},"24":{"type":"branch","line":194,"loc":{"start":{"line":194,"column":33},"end":{"line":194,"column":61}},"locations":[{"start":{"line":194,"column":33},"end":{"line":194,"column":61}}]},"25":{"type":"branch","line":195,"loc":{"start":{"line":195,"column":38},"end":{"line":195,"column":71}},"locations":[{"start":{"line":195,"column":38},"end":{"line":195,"column":71}}]},"26":{"type":"branch","line":215,"loc":{"start":{"line":215,"column":2},"end":{"line":232,"column":3}},"locations":[{"start":{"line":215,"column":2},"end":{"line":232,"column":3}}]},"27":{"type":"branch","line":226,"loc":{"start":{"line":226,"column":36},"end":{"line":226,"column":65}},"locations":[{"start":{"line":226,"column":36},"end":{"line":226,"column":65}}]},"28":{"type":"branch","line":242,"loc":{"start":{"line":242,"column":2},"end":{"line":247,"column":3}},"locations":[{"start":{"line":242,"column":2},"end":{"line":247,"column":3}}]},"29":{"type":"branch","line":256,"loc":{"start":{"line":256,"column":2},"end":{"line":260,"column":3}},"locations":[{"start":{"line":256,"column":2},"end":{"line":260,"column":3}}]}},"b":{"0":[7],"1":[1],"2":[1],"3":[1],"4":[1],"5":[7],"6":[6],"7":[6],"8":[5],"9":[2],"10":[1],"11":[4],"12":[1],"13":[1],"14":[1],"15":[4],"16":[0],"17":[2],"18":[2],"19":[0],"20":[1],"21":[3],"22":[2],"23":[7],"24":[6],"25":[6],"26":[5],"27":[1],"28":[4],"29":[2]},"fnMap":{"0":{"name":"buildCloneBody","decl":{"start":{"line":48,"column":0},"end":{"line":69,"column":1}},"loc":{"start":{"line":48,"column":0},"end":{"line":69,"column":1}},"line":48},"1":{"name":"parseCloneResult","decl":{"start":{"line":71,"column":0},"end":{"line":82,"column":1}},"loc":{"start":{"line":71,"column":0},"end":{"line":82,"column":1}},"line":71},"2":{"name":"parseDesignResult","decl":{"start":{"line":84,"column":0},"end":{"line":108,"column":1}},"loc":{"start":{"line":84,"column":0},"end":{"line":108,"column":1}},"line":84},"3":{"name":"parseVoiceList","decl":{"start":{"line":110,"column":0},"end":{"line":120,"column":1}},"loc":{"start":{"line":110,"column":0},"end":{"line":120,"column":1}},"line":110},"4":{"name":"parseVoiceInfo","decl":{"start":{"line":122,"column":0},"end":{"line":129,"column":1}},"loc":{"start":{"line":122,"column":0},"end":{"line":129,"column":1}},"line":122},"5":{"name":"uploadAudio","decl":{"start":{"line":148,"column":2},"end":{"line":153,"column":3}},"loc":{"start":{"line":148,"column":2},"end":{"line":153,"column":3}},"line":148},"6":{"name":"clone","decl":{"start":{"line":175,"column":2},"end":{"line":201,"column":3}},"loc":{"start":{"line":175,"column":2},"end":{"line":201,"column":3}},"line":175},"7":{"name":"design","decl":{"start":{"line":215,"column":2},"end":{"line":232,"column":3}},"loc":{"start":{"line":215,"column":2},"end":{"line":232,"column":3}},"line":215},"8":{"name":"list","decl":{"start":{"line":242,"column":2},"end":{"line":247,"column":3}},"loc":{"start":{"line":242,"column":2},"end":{"line":247,"column":3}},"line":242},"9":{"name":"delete","decl":{"start":{"line":256,"column":2},"end":{"line":260,"column":3}},"loc":{"start":{"line":256,"column":2},"end":{"line":260,"column":3}},"line":256}},"f":{"0":7,"1":7,"2":5,"3":4,"4":4,"5":2,"6":7,"7":5,"8":4,"9":2}}
}
